#
# There is insufficient memory for the Java Runtime Environment to continue.
# Native memory allocation (malloc) failed to allocate 433696 bytes for Chunk::new
# Possible reasons:
#   The system is out of physical RAM or swap space
#   In 32 bit mode, the process size limit was hit
# Possible solutions:
#   Reduce memory load on the system
#   Increase physical memory or swap space
#   Check if swap backing store is full
#   Use 64 bit Java on a 64 bit OS
#   Decrease Java heap size (-Xmx/-Xms)
#   Decrease number of Java threads
#   Decrease Java thread stack sizes (-Xss)
#   Set larger code cache with -XX:ReservedCodeCacheSize=
# This output file may be truncated or incomplete.
#
#  Out of Memory Error (allocation.cpp:390), pid=4548, tid=7396
#
# JRE version: Java(TM) SE Runtime Environment (8.0_91-b14) (build 1.8.0_91-b14)
# Java VM: Java HotSpot(TM) 64-Bit Server VM (25.91-b14 mixed mode windows-amd64 compressed oops)
# Failed to write core dump. Minidumps are not enabled by default on client versions of Windows
#

---------------  T H R E A D  ---------------

Current thread (0x00000000152a6800):  JavaThread "C2 CompilerThread0" daemon [_thread_in_native, id=7396, stack(0x0000000016900000,0x0000000016a00000)]

Stack: [0x0000000016900000,0x0000000016a00000]
[error occurred during error reporting (printing stack bounds), id 0xc0000005]

Native frames: (J=compiled Java code, j=interpreted, Vv=VM code, C=native code)


Current CompileTask:
C2:   6428  660       4       com.android.dx.ssa.SsaBasicBlock::forEachInsn (37 bytes)


---------------  P R O C E S S  ---------------

Java Threads: ( => current thread )
  0x0000000016fd9800 JavaThread "pool-1-thread-4" [_thread_in_Java, id=11240, stack(0x0000000017ac0000,0x0000000017bc0000)]
  0x0000000016fdf800 JavaThread "pool-1-thread-3" [_thread_new, id=7012, stack(0x0000000000000000,0x0000000000000000)]
  0x0000000016fdf000 JavaThread "pool-1-thread-2" [_thread_in_Java, id=9096, stack(0x0000000017820000,0x0000000017920000)]
  0x0000000016fd7800 JavaThread "pool-2-thread-1" [_thread_blocked, id=7532, stack(0x00000000173e0000,0x00000000174e0000)]
  0x0000000017063800 JavaThread "pool-1-thread-1" [_thread_in_Java, id=11400, stack(0x0000000017580000,0x0000000017680000)]
  0x00000000152ae000 JavaThread "Service Thread" daemon [_thread_blocked, id=8300, stack(0x00000000172e0000,0x00000000173e0000)]
  0x00000000152ac000 JavaThread "C1 CompilerThread2" daemon [_thread_blocked, id=12240, stack(0x0000000016d30000,0x0000000016e30000)]
  0x00000000152ab000 JavaThread "C2 CompilerThread1" daemon [_thread_blocked, id=9368, stack(0x0000000016a50000,0x0000000016b50000)]
=>0x00000000152a6800 JavaThread "C2 CompilerThread0" daemon [_thread_in_native, id=7396, stack(0x0000000016900000,0x0000000016a00000)]
  0x00000000152a2000 JavaThread "Attach Listener" daemon [_thread_blocked, id=5548, stack(0x0000000016740000,0x0000000016840000)]
  0x00000000152a1000 JavaThread "Signal Dispatcher" daemon [_thread_blocked, id=9536, stack(0x0000000016550000,0x0000000016650000)]
  0x0000000015283800 JavaThread "Finalizer" daemon [_thread_blocked, id=7488, stack(0x0000000016420000,0x0000000016520000)]
  0x0000000015242000 JavaThread "Reference Handler" daemon [_thread_blocked, id=2204, stack(0x00000000160c0000,0x00000000161c0000)]
  0x00000000022ae000 JavaThread "main" [_thread_in_Java, id=4696, stack(0x00000000026c0000,0x00000000027c0000)]

Other Threads:
  0x000000001523a800 VMThread [stack: 0x0000000016270000,0x0000000016370000] [id=4716]
  0x0000000016ea4800 WatcherThread [stack: 0x0000000016be0000,0x0000000016ce0000] [id=10448]

VM state:not at safepoint (normal execution)

VM Mutex/Monitor currently owned by a thread: None

Heap:
 PSYoungGen      total 37888K, used 14444K [0x00000000eab00000, 0x00000000ed500000, 0x0000000100000000)
  eden space 32768K, 44% used [0x00000000eab00000,0x00000000eb91b290,0x00000000ecb00000)
  from space 5120K, 0% used [0x00000000ed000000,0x00000000ed000000,0x00000000ed500000)
  to   space 5120K, 0% used [0x00000000ecb00000,0x00000000ecb00000,0x00000000ed000000)
 ParOldGen       total 86016K, used 0K [0x00000000c0000000, 0x00000000c5400000, 0x00000000eab00000)
  object space 86016K, 0% used [0x00000000c0000000,0x00000000c0000000,0x00000000c5400000)
 Metaspace       used 5640K, capacity 6640K, committed 6784K, reserved 1056768K
  class space    used 592K, capacity 616K, committed 640K, reserved 1048576K

Card table byte_map: [0x0000000011e50000,0x0000000012060000] byte_map_base: 0x0000000011850000

Marking Bits: (ParMarkBitMap*) 0x0000000070a72f70
 Begin Bits: [0x00000000126b0000, 0x00000000136b0000)
 End Bits:   [0x00000000136b0000, 0x00000000146b0000)

Polling page: 0x0000000000230000

CodeCache: size=245760Kb used=2781Kb max_used=2793Kb free=242978Kb
 bounds [0x0000000002a90000, 0x0000000002d50000, 0x0000000011a90000]
 total_blobs=951 nmethods=683 adapters=182
 compilation: enabled

Compilation events (10 events):
Event: 6.420 Thread 0x00000000152ab000  711   !   4       com.android.dx.util.FixedSizeList::set0 (22 bytes)
Event: 6.422 Thread 0x00000000152ab000 nmethod 711 0x0000000002d3d610 code [0x0000000002d3d760, 0x0000000002d3d858]
Event: 6.422 Thread 0x00000000152ab000  714       4       java.util.BitSet::<init> (56 bytes)
Event: 6.422 Thread 0x00000000152ac000 nmethod 697 0x0000000002d41910 code [0x0000000002d41cc0, 0x0000000002d44188]
Event: 6.422 Thread 0x00000000152ac000  716       3       com.android.dx.ssa.LocalVariableExtractor::processBlock (383 bytes)
Event: 6.423 Thread 0x00000000152ab000 nmethod 714 0x0000000002d453d0 code [0x0000000002d45520, 0x0000000002d45658]
Event: 6.426 Thread 0x00000000152ab000  720       4       com.android.dx.rop.type.Type::equals (31 bytes)
Event: 6.427 Thread 0x00000000152ac000 nmethod 716 0x0000000002d45750 code [0x0000000002d45c40, 0x0000000002d49358]
Event: 6.427 Thread 0x00000000152ac000  712       3       com.android.dx.ssa.SsaBasicBlock::newFromRop (183 bytes)
Event: 6.427 Thread 0x00000000152ab000 nmethod 720 0x0000000002d41550 code [0x0000000002d416a0, 0x0000000002d41818]

GC Heap History (0 events):
No events

Deoptimization events (1 events):
Event: 6.287 Thread 0x0000000016fd9800 Uncommon trap: reason=unstable_if action=reinterpret pc=0x0000000002c88b60 method=java.util.BitSet.nextSetBit(I)I @ 87

Internal exceptions (2 events):
Event: 0.609 Thread 0x00000000022ae000 Exception <a 'java/lang/NoSuchMethodError': Method sun.misc.Unsafe.defineClass(Ljava/lang/String;[BII)Ljava/lang/Class; name or signature does not match> (0x00000000eab07cc0) thrown at [C:\re\workspace\8-2-build-windows-amd64-cygwin\jdk8u91\6644\hotspot\sr–©Üµ„?
Event: 0.609 Thread 0x00000000022ae000 Exception <a 'java/lang/NoSuchMethodError': Method sun.misc.Unsafe.prefetchRead(Ljava/lang/Object;J)V name or signature does not match> (0x00000000eab07fa8) thrown at [C:\re\workspace\8-2-build-windows-amd64-cygwin\jdk8u91\6644\hotspot\src\share\vm\prims\j

Events (10 events):
Event: 6.164 loading class com/android/dx/dex/file/MethodAnnotationStruct done
Event: 6.181 loading class com/android/dx/cf/code/SwitchList
Event: 6.181 loading class com/android/dx/cf/code/SwitchList done
Event: 6.186 loading class java/util/DualPivotQuicksort
Event: 6.186 loading class java/util/DualPivotQuicksort done
Event: 6.287 Thread 0x0000000016fd9800 Uncommon trap: trap_request=0xffffff65 fr.pc=0x0000000002c88b60
Event: 6.287 Thread 0x0000000016fd9800 DEOPT PACKING pc=0x0000000002c88b60 sp=0x0000000017bbec00
Event: 6.287 Thread 0x0000000016fd9800 DEOPT UNPACKING pc=0x0000000002ad582a sp=0x0000000017bbeb98 mode 2
Event: 6.414 loading class java/util/ArrayList$1
Event: 6.414 loading class java/util/ArrayList$1 done


Dynamic libraries:
0x000000013f100000 - 0x000000013f137000 	C:\Program Files\Java\jdk1.8.0_91\bin\java.exe
0x0000000077650000 - 0x00000000777f9000 	C:\Windows\SYSTEM32\ntdll.dll
0x0000000077530000 - 0x0000000077650000 	C:\Windows\system32\kernel32.dll
0x000007fefd530000 - 0x000007fefd59c000 	C:\Windows\system32\KERNELBASE.dll
0x000007fefe5a0000 - 0x000007fefe67b000 	C:\Windows\system32\ADVAPI32.dll
0x000007fefd9e0000 - 0x000007fefda7f000 	C:\Windows\system32\msvcrt.dll
0x000007feff830000 - 0x000007feff84f000 	C:\Windows\SYSTEM32\sechost.dll
0x000007fefe810000 - 0x000007fefe93d000 	C:\Windows\system32\RPCRT4.dll
0x0000000077430000 - 0x000000007752a000 	C:\Windows\system32\USER32.dll
0x000007fefd890000 - 0x000007fefd8f7000 	C:\Windows\system32\GDI32.dll
0x000007fefddc0000 - 0x000007fefddce000 	C:\Windows\system32\LPK.dll
0x000007feff890000 - 0x000007feff959000 	C:\Windows\system32\USP10.dll
0x000007fefba20000 - 0x000007fefbc14000 	C:\Windows\WinSxS\amd64_microsoft.windows.common-controls_6595b64144ccf1df_6.0.7601.18837_none_fa3b1e3d17594757\COMCTL32.dll
0x000007fefe040000 - 0x000007fefe0b1000 	C:\Windows\system32\SHLWAPI.dll
0x000007feff860000 - 0x000007feff88e000 	C:\Windows\system32\IMM32.DLL
0x000007fefdc60000 - 0x000007fefdd69000 	C:\Windows\system32\MSCTF.dll
0x0000000053450000 - 0x0000000053522000 	C:\Program Files\Java\jdk1.8.0_91\jre\bin\msvcr100.dll
0x0000000070260000 - 0x0000000070af3000 	C:\Program Files\Java\jdk1.8.0_91\jre\bin\server\jvm.dll
0x000007fefba10000 - 0x000007fefba19000 	C:\Windows\system32\WSOCK32.dll
0x000007fefdd70000 - 0x000007fefddbd000 	C:\Windows\system32\WS2_32.dll
0x000007feff850000 - 0x000007feff858000 	C:\Windows\system32\NSI.dll
0x000007fefa400000 - 0x000007fefa43b000 	C:\Windows\system32\WINMM.dll
0x000007fefc490000 - 0x000007fefc49c000 	C:\Windows\system32\VERSION.dll
0x0000000077810000 - 0x0000000077817000 	C:\Windows\system32\PSAPI.DLL
0x000000005c530000 - 0x000000005c53f000 	C:\Program Files\Java\jdk1.8.0_91\jre\bin\verify.dll
0x0000000055930000 - 0x0000000055959000 	C:\Program Files\Java\jdk1.8.0_91\jre\bin\java.dll
0x000000005b260000 - 0x000000005b276000 	C:\Program Files\Java\jdk1.8.0_91\jre\bin\zip.dll
0x000007fefeaa0000 - 0x000007feff829000 	C:\Windows\system32\SHELL32.dll
0x000007fefe0c0000 - 0x000007fefe2c3000 	C:\Windows\system32\ole32.dll
0x000007fefd400000 - 0x000007fefd40f000 	C:\Windows\system32\profapi.dll

VM Arguments:
jvm_args: -Djava.awt.headless=true -Xmx1024M -Dfile.encoding=windows-1252 -Duser.country=BR -Duser.language=pt -Duser.variant 
java_command: com.android.dx.command.Main --dex --force-jumbo --num-threads=4 --output C:\Users\Vitor\Documents\GitHub\nosso-chate-master\app\build\intermediates\pre-dexed\debug\com.google.android.gms-play-services-measurement-8.3.0_b14b7049f8d9df04fdc1c6cd327688a077735bed.jar C:\Users\Vitor\Documents\GitHub\nosso-chate-master\app\build\intermediates\exploded-aar\com.google.android.gms\play-services-measurement\8.3.0\jars\classes.jar
java_class_path (initial): C:\Users\Vitor\AppData\Local\Android\sdk\build-tools\23.0.2\lib\dx.jar
Launcher Type: SUN_STANDARD

Environment Variables:
PATH=C:\Program Files (x86)\NVIDIA Corporation\PhysX\Common;C:\ProgramData\Oracle\Java\javapath;C:\Windows\system32;C:\Windows;C:\Windows\System32\Wbem;C:\Windows\System32\WindowsPowerShell\v1.0\;C:\Program Files (x86)\GtkSharp\2.12\bin;C:\Program Files (x86)\Skype\Phone\;C:\Program Files (x86)\nodejs\;C:\Windows\system32\config\systemprofile\.dnx\bin;C:\Program Files\Microsoft DNX\Dnvm\;C:\Program Files\Microsoft SQL Server\130\Tools\Binn\;C:\Program Files (x86)\Windows Kits\10\Windows Performance Toolkit\;C:\Program Files\Git\cmd;C:\Users\Vitor\AppData\Roaming\npm
USERNAME=Vitor
OS=Windows_NT
PROCESSOR_IDENTIFIER=Intel64 Family 6 Model 37 Stepping 5, GenuineIntel



---------------  S Y S T E M  ---------------

OS: Windows 7 , 64 bit Build 7601 (6.1.7601.19018)

CPU:total 4 (2 cores per cpu, 2 threads per core) family 6 model 37 stepping 5, cmov, cx8, fxsr, mmx, sse, sse2, sse3, ssse3, sse4.1, sse4.2, popcnt, aes, clmul, ht, tsc, tscinvbit

Memory: 4k page, physical 8248440k(825828k free), swap 9170420k(5236k free)

vm_info: Java HotSpot(TM) 64-Bit Server VM (25.91-b14) for windows-amd64 JRE (1.8.0_91-b14), built on Apr  1 2016 00:58:32 by "java_re" with MS VC++ 10.0 (VS2010)

time: Wed Jun 01 17:02:30 2016
elapsed time: 6 seconds (0d 0h 0m 6s)

