#
# There is insufficient memory for the Java Runtime Environment to continue.
# Native memory allocation (malloc) failed to allocate 32744 bytes for ChunkPool::allocate
# Possible reasons:
#   The system is out of physical RAM or swap space
#   In 32 bit mode, the process size limit was hit
# Possible solutions:
#   Reduce memory load on the system
#   Increase physical memory or swap space
#   Check if swap backing store is full
#   Use 64 bit Java on a 64 bit OS
#   Decrease Java heap size (-Xmx/-Xms)
#   Decrease number of Java threads
#   Decrease Java thread stack sizes (-Xss)
#   Set larger code cache with -XX:ReservedCodeCacheSize=
# This output file may be truncated or incomplete.
#
#  Out of Memory Error (allocation.cpp:273), pid=7456, tid=3084
#
# JRE version: Java(TM) SE Runtime Environment (8.0_91-b14) (build 1.8.0_91-b14)
# Java VM: Java HotSpot(TM) 64-Bit Server VM (25.91-b14 mixed mode windows-amd64 compressed oops)
# Failed to write core dump. Minidumps are not enabled by default on client versions of Windows
#

---------------  T H R E A D  ---------------

Current thread (0x0000000016853000):  JavaThread "C2 CompilerThread1" daemon [_thread_in_native, id=3084, stack(0x0000000016df0000,0x0000000016ef0000)]

Stack: [0x0000000016df0000,0x0000000016ef0000]
[error occurred during error reporting (printing stack bounds), id 0xc0000005]

Native frames: (J=compiled Java code, j=interpreted, Vv=VM code, C=native code)


Current CompileTask:
C2:   6136 1140       4       java.util.HashMap::getNode (148 bytes)


---------------  P R O C E S S  ---------------

Java Threads: ( => current thread )
  0x0000000016adf800 JavaThread "pool-1-thread-4" [_thread_in_Java, id=6380, stack(0x00000000177f0000,0x00000000178f0000)]
  0x0000000016ad7800 JavaThread "pool-1-thread-3" [_thread_in_Java, id=5348, stack(0x0000000017690000,0x0000000017790000)]
  0x0000000016ad6800 JavaThread "pool-1-thread-2" [_thread_blocked, id=9156, stack(0x0000000016f40000,0x0000000017040000)]
  0x0000000016acb000 JavaThread "pool-2-thread-1" [_thread_blocked, id=6008, stack(0x0000000017540000,0x0000000017640000)]
  0x0000000016ac6800 JavaThread "pool-1-thread-1" [_thread_blocked, id=9048, stack(0x00000000173c0000,0x00000000174c0000)]
  0x0000000016858000 JavaThread "Service Thread" daemon [_thread_blocked, id=10608, stack(0x00000000170a0000,0x00000000171a0000)]
  0x0000000016854800 JavaThread "C1 CompilerThread2" daemon [_thread_in_native, id=7260, stack(0x0000000016cb0000,0x0000000016db0000)]
=>0x0000000016853000 JavaThread "C2 CompilerThread1" daemon [_thread_in_native, id=3084, stack(0x0000000016df0000,0x0000000016ef0000)]
  0x0000000014fe6800 JavaThread "C2 CompilerThread0" daemon [_thread_in_vm, id=9388, stack(0x0000000016580000,0x0000000016680000)]
  0x0000000014fe4000 JavaThread "Attach Listener" daemon [_thread_blocked, id=8596, stack(0x0000000016700000,0x0000000016800000)]
  0x0000000014fe0800 JavaThread "Signal Dispatcher" daemon [_thread_blocked, id=8568, stack(0x0000000016440000,0x0000000016540000)]
  0x0000000014fc9000 JavaThread "Finalizer" daemon [_thread_blocked, id=12060, stack(0x0000000016340000,0x0000000016440000)]
  0x0000000014f82000 JavaThread "Reference Handler" daemon [_thread_blocked, id=11968, stack(0x0000000016150000,0x0000000016250000)]
  0x000000000229e000 JavaThread "main" [_thread_blocked, id=11348, stack(0x00000000022b0000,0x00000000023b0000)]

Other Threads:
  0x0000000014f7a800 VMThread [stack: 0x0000000015fe0000,0x00000000160e0000] [id=7452]
  0x0000000016862000 WatcherThread [stack: 0x00000000171a0000,0x00000000172a0000] [id=10880]

VM state:not at safepoint (normal execution)

VM Mutex/Monitor currently owned by a thread:  ([mutex/lock_event])
[0x000000000229c9e0] Heap_lock - owner thread: 0x000000000229e000

Heap:
 PSYoungGen      total 37888K, used 8133K [0x00000000eab00000, 0x00000000ef500000, 0x0000000100000000)
  eden space 32768K, 9% used [0x00000000eab00000,0x00000000eadf1c90,0x00000000ecb00000)
  from space 5120K, 99% used [0x00000000ed000000,0x00000000ed4ffa60,0x00000000ed500000)
  to   space 5120K, 0% used [0x00000000ecb00000,0x00000000ecb00000,0x00000000ed000000)
 ParOldGen       total 86016K, used 6569K [0x00000000c0000000, 0x00000000c5400000, 0x00000000eab00000)
  object space 86016K, 7% used [0x00000000c0000000,0x00000000c066a568,0x00000000c5400000)
 Metaspace       used 5990K, capacity 6898K, committed 7040K, reserved 1056768K
  class space    used 604K, capacity 618K, committed 640K, reserved 1048576K

Card table byte_map: [0x0000000011a40000,0x0000000011c50000] byte_map_base: 0x0000000011440000

Marking Bits: (ParMarkBitMap*) 0x0000000070a72f70
 Begin Bits: [0x00000000123f0000, 0x00000000133f0000)
 End Bits:   [0x00000000133f0000, 0x00000000143f0000)

Polling page: 0x0000000001b60000

CodeCache: size=245760Kb used=4080Kb max_used=4090Kb free=241679Kb
 bounds [0x0000000002680000, 0x0000000002a90000, 0x0000000011680000]
 total_blobs=1318 nmethods=1049 adapters=182
 compilation: enabled

Compilation events (10 events):
Event: 5.340 Thread 0x0000000014fe6800 nmethod 1079 0x0000000002a7e710 code [0x0000000002a7e860, 0x0000000002a7e9d8]
Event: 5.340 Thread 0x0000000014fe6800 1074       4       com.android.dx.dex.code.DalvInsn::<init> (67 bytes)
Event: 5.341 Thread 0x0000000014fe6800 nmethod 1074 0x0000000002a78c90 code [0x0000000002a78dc0, 0x0000000002a78e98]
Event: 5.341 Thread 0x0000000014fe6800 1057       4       com.android.dx.util.LabeledList::set (45 bytes)
Event: 5.354 Thread 0x0000000014fe6800 nmethod 1057 0x0000000002a7a3d0 code [0x0000000002a7a540, 0x0000000002a7abf8]
Event: 5.354 Thread 0x0000000014fe6800 1080       4       com.android.dx.rop.code.Rop::isCommutative (60 bytes)
Event: 5.355 Thread 0x0000000014fe6800 nmethod 1080 0x0000000002a78a90 code [0x0000000002a78bc0, 0x0000000002a78c38]
Event: 6.135 Thread 0x0000000016854800 1152       2       com.android.dx.rop.code.RegisterSpecSet::mutableCopy (57 bytes)
Event: 6.135 Thread 0x0000000016853000 1140       4       java.util.HashMap::getNode (148 bytes)
Event: 6.135 Thread 0x0000000014fe6800 1154       4       com.android.dx.rop.type.Type::equals (31 bytes)

GC Heap History (4 events):
Event: 3.534 GC heap before
{Heap before GC invocations=1 (full 0):
 PSYoungGen      total 37888K, used 32768K [0x00000000eab00000, 0x00000000ed500000, 0x0000000100000000)
  eden space 32768K, 100% used [0x00000000eab00000,0x00000000ecb00000,0x00000000ecb00000)
  from space 5120K, 0% used [0x00000000ed000000,0x00000000ed000000,0x00000000ed500000)
  to   space 5120K, 0% used [0x00000000ecb00000,0x00000000ecb00000,0x00000000ed000000)
 ParOldGen       total 86016K, used 0K [0x00000000c0000000, 0x00000000c5400000, 0x00000000eab00000)
  object space 86016K, 0% used [0x00000000c0000000,0x00000000c0000000,0x00000000c5400000)
 Metaspace       used 5941K, capacity 6896K, committed 7040K, reserved 1056768K
  class space    used 602K, capacity 616K, committed 640K, reserved 1048576K
Event: 5.268 GC heap after
Heap after GC invocations=1 (full 0):
 PSYoungGen      total 37888K, used 5095K [0x00000000eab00000, 0x00000000ed500000, 0x0000000100000000)
  eden space 32768K, 0% used [0x00000000eab00000,0x00000000eab00000,0x00000000ecb00000)
  from space 5120K, 99% used [0x00000000ecb00000,0x00000000ecff9c78,0x00000000ed000000)
  to   space 5120K, 0% used [0x00000000ed000000,0x00000000ed000000,0x00000000ed500000)
 ParOldGen       total 86016K, used 1739K [0x00000000c0000000, 0x00000000c5400000, 0x00000000eab00000)
  object space 86016K, 2% used [0x00000000c0000000,0x00000000c01b2ce8,0x00000000c5400000)
 Metaspace       used 5941K, capacity 6896K, committed 7040K, reserved 1056768K
  class space    used 602K, capacity 616K, committed 640K, reserved 1048576K
}
Event: 5.739 GC heap before
{Heap before GC invocations=2 (full 0):
 PSYoungGen      total 37888K, used 37863K [0x00000000eab00000, 0x00000000ed500000, 0x0000000100000000)
  eden space 32768K, 100% used [0x00000000eab00000,0x00000000ecb00000,0x00000000ecb00000)
  from space 5120K, 99% used [0x00000000ecb00000,0x00000000ecff9c78,0x00000000ed000000)
  to   space 5120K, 0% used [0x00000000ed000000,0x00000000ed000000,0x00000000ed500000)
 ParOldGen       total 86016K, used 1739K [0x00000000c0000000, 0x00000000c5400000, 0x00000000eab00000)
  object space 86016K, 2% used [0x00000000c0000000,0x00000000c01b2ce8,0x00000000c5400000)
 Metaspace       used 5990K, capacity 6898K, committed 7040K, reserved 1056768K
  class space    used 604K, capacity 618K, committed 640K, reserved 1048576K
Event: 6.119 GC heap after
Heap after GC invocations=2 (full 0):
 PSYoungGen      total 37888K, used 5118K [0x00000000eab00000, 0x00000000ef500000, 0x0000000100000000)
  eden space 32768K, 0% used [0x00000000eab00000,0x00000000eab00000,0x00000000ecb00000)
  from space 5120K, 99% used [0x00000000ed000000,0x00000000ed4ffa60,0x00000000ed500000)
  to   space 5120K, 0% used [0x00000000ecb00000,0x00000000ecb00000,0x00000000ed000000)
 ParOldGen       total 86016K, used 6569K [0x00000000c0000000, 0x00000000c5400000, 0x00000000eab00000)
  object space 86016K, 7% used [0x00000000c0000000,0x00000000c066a568,0x00000000c5400000)
 Metaspace       used 5990K, capacity 6898K, committed 7040K, reserved 1056768K
  class space    used 604K, capacity 618K, committed 640K, reserved 1048576K
}

Deoptimization events (10 events):
Event: 5.453 Thread 0x000000000229e000 Uncommon trap: reason=unstable_if action=reinterpret pc=0x000000000294fc84 method=com.android.dx.rop.cst.Constant.compareTo(Lcom/android/dx/rop/cst/Constant;)I @ 12
Event: 5.520 Thread 0x0000000016ad7800 Uncommon trap: reason=unstable_if action=reinterpret pc=0x0000000002a7aab8 method=com.android.dx.util.LabeledList.set(ILcom/android/dx/util/LabeledItem;)V @ 16
Event: 5.543 Thread 0x0000000016ad7800 Uncommon trap: reason=bimorphic action=maybe_recompile pc=0x0000000002a7d9b0 method=java.util.HashMap.getNode(ILjava/lang/Object;)Ljava/util/HashMap$Node; @ 126
Event: 5.543 Thread 0x0000000016ad7800 Uncommon trap: reason=bimorphic action=maybe_recompile pc=0x0000000002a7d9b0 method=java.util.HashMap.getNode(ILjava/lang/Object;)Ljava/util/HashMap$Node; @ 126
Event: 5.567 Thread 0x0000000016ad7800 Uncommon trap: reason=bimorphic action=maybe_recompile pc=0x0000000002a7d9b0 method=java.util.HashMap.getNode(ILjava/lang/Object;)Ljava/util/HashMap$Node; @ 126
Event: 5.568 Thread 0x0000000016ad7800 Uncommon trap: reason=bimorphic action=maybe_recompile pc=0x0000000002a7d9b0 method=java.util.HashMap.getNode(ILjava/lang/Object;)Ljava/util/HashMap$Node; @ 126
Event: 5.620 Thread 0x0000000016ad7800 Uncommon trap: reason=unstable_if action=reinterpret pc=0x00000000029f0c9c method=com.android.dx.rop.code.RegisterSpecSet.put(Lcom/android/dx/rop/code/RegisterSpec;)V @ 77
Event: 5.620 Thread 0x0000000016ad7800 Uncommon trap: reason=unstable_if action=reinterpret pc=0x000000000294a088 method=com.android.dx.rop.code.RegisterSpecSet.put(Lcom/android/dx/rop/code/RegisterSpec;)V @ 77
Event: 5.665 Thread 0x000000000229e000 Uncommon trap: reason=null_check action=make_not_entrant pc=0x0000000002a7a290 method=com.android.dx.rop.type.Type.equals(Ljava/lang/Object;)Z @ 8
Event: 5.736 Thread 0x000000000229e000 Uncommon trap: reason=null_check action=make_not_entrant pc=0x000000000293c2dc method=com.android.dx.ssa.SsaRenamer.getLocalForNewReg(I)Lcom/android/dx/rop/code/LocalItem; @ 19

Internal exceptions (5 events):
Event: 0.151 Thread 0x000000000229e000 Exception <a 'java/lang/NoSuchMethodError': Method sun.misc.Unsafe.defineClass(Ljava/lang/String;[BII)Ljava/lang/Class; name or signature does not match> (0x00000000eab07cc0) thrown at [C:\re\workspace\8-2-build-windows-amd64-cygwin\jdk8u91\6644\hotspot\sr÷∞E®Re√?
Event: 0.152 Thread 0x000000000229e000 Exception <a 'java/lang/NoSuchMethodError': Method sun.misc.Unsafe.prefetchRead(Ljava/lang/Object;J)V name or signature does not match> (0x00000000eab07fa8) thrown at [C:\re\workspace\8-2-build-windows-amd64-cygwin\jdk8u91\6644\hotspot\src\share\vm\prims\jº$‹$då@
Event: 5.387 Thread 0x0000000016ad7800 Implicit null exception at 0x000000000291609b to 0x00000000029177fd
Event: 5.665 Thread 0x000000000229e000 Implicit null exception at 0x0000000002a7a192 to 0x0000000002a7a282
Event: 5.736 Thread 0x000000000229e000 Implicit null exception at 0x000000000293adc5 to 0x000000000293c2bd

Events (10 events):
Event: 5.620 Thread 0x0000000016ad7800 DEOPT PACKING pc=0x000000000294a088 sp=0x000000001778ecb0
Event: 5.620 Thread 0x0000000016ad7800 DEOPT UNPACKING pc=0x00000000026c582a sp=0x000000001778ebd0 mode 2
Event: 5.665 Thread 0x000000000229e000 Uncommon trap: trap_request=0xfffffff4 fr.pc=0x0000000002a7a290
Event: 5.665 Thread 0x000000000229e000 DEOPT PACKING pc=0x0000000002a7a290 sp=0x00000000023ae360
Event: 5.665 Thread 0x000000000229e000 DEOPT UNPACKING pc=0x00000000026c582a sp=0x00000000023ae2f8 mode 2
Event: 5.736 Thread 0x000000000229e000 Uncommon trap: trap_request=0xfffffff4 fr.pc=0x000000000293c2dc
Event: 5.736 Thread 0x000000000229e000 DEOPT PACKING pc=0x000000000293c2dc sp=0x00000000023ae3a0
Event: 5.737 Thread 0x000000000229e000 DEOPT UNPACKING pc=0x00000000026c582a sp=0x00000000023ae268 mode 2
Event: 5.739 Executing VM operation: ParallelGCFailedAllocation
Event: 6.119 Executing VM operation: ParallelGCFailedAllocation done


Dynamic libraries:
0x000000013f100000 - 0x000000013f137000 	C:\Program Files\Java\jdk1.8.0_91\bin\java.exe
0x0000000077650000 - 0x00000000777f9000 	C:\Windows\SYSTEM32\ntdll.dll
0x0000000077530000 - 0x0000000077650000 	C:\Windows\system32\kernel32.dll
0x000007fefd530000 - 0x000007fefd59c000 	C:\Windows\system32\KERNELBASE.dll
0x000007fefe5a0000 - 0x000007fefe67b000 	C:\Windows\system32\ADVAPI32.dll
0x000007fefd9e0000 - 0x000007fefda7f000 	C:\Windows\system32\msvcrt.dll
0x000007feff830000 - 0x000007feff84f000 	C:\Windows\SYSTEM32\sechost.dll
0x000007fefe810000 - 0x000007fefe93d000 	C:\Windows\system32\RPCRT4.dll
0x0000000077430000 - 0x000000007752a000 	C:\Windows\system32\USER32.dll
0x000007fefd890000 - 0x000007fefd8f7000 	C:\Windows\system32\GDI32.dll
0x000007fefddc0000 - 0x000007fefddce000 	C:\Windows\system32\LPK.dll
0x000007feff890000 - 0x000007feff959000 	C:\Windows\system32\USP10.dll
0x000007fefba20000 - 0x000007fefbc14000 	C:\Windows\WinSxS\amd64_microsoft.windows.common-controls_6595b64144ccf1df_6.0.7601.18837_none_fa3b1e3d17594757\COMCTL32.dll
0x000007fefe040000 - 0x000007fefe0b1000 	C:\Windows\system32\SHLWAPI.dll
0x000007feff860000 - 0x000007feff88e000 	C:\Windows\system32\IMM32.DLL
0x000007fefdc60000 - 0x000007fefdd69000 	C:\Windows\system32\MSCTF.dll
0x0000000053450000 - 0x0000000053522000 	C:\Program Files\Java\jdk1.8.0_91\jre\bin\msvcr100.dll
0x0000000070260000 - 0x0000000070af3000 	C:\Program Files\Java\jdk1.8.0_91\jre\bin\server\jvm.dll
0x000007fefba10000 - 0x000007fefba19000 	C:\Windows\system32\WSOCK32.dll
0x000007fefdd70000 - 0x000007fefddbd000 	C:\Windows\system32\WS2_32.dll
0x000007feff850000 - 0x000007feff858000 	C:\Windows\system32\NSI.dll
0x000007fefa400000 - 0x000007fefa43b000 	C:\Windows\system32\WINMM.dll
0x000007fefc490000 - 0x000007fefc49c000 	C:\Windows\system32\VERSION.dll
0x0000000077810000 - 0x0000000077817000 	C:\Windows\system32\PSAPI.DLL
0x000000005c530000 - 0x000000005c53f000 	C:\Program Files\Java\jdk1.8.0_91\jre\bin\verify.dll
0x0000000055930000 - 0x0000000055959000 	C:\Program Files\Java\jdk1.8.0_91\jre\bin\java.dll
0x000000005b260000 - 0x000000005b276000 	C:\Program Files\Java\jdk1.8.0_91\jre\bin\zip.dll
0x000007fefeaa0000 - 0x000007feff829000 	C:\Windows\system32\SHELL32.dll
0x000007fefe0c0000 - 0x000007fefe2c3000 	C:\Windows\system32\ole32.dll
0x000007fefd400000 - 0x000007fefd40f000 	C:\Windows\system32\profapi.dll

VM Arguments:
jvm_args: -Djava.awt.headless=true -Xmx1024M -Dfile.encoding=windows-1252 -Duser.country=BR -Duser.language=pt -Duser.variant 
java_command: com.android.dx.command.Main --dex --force-jumbo --num-threads=4 --output C:\Users\Vitor\Documents\GitHub\nosso-chate-master\app\build\intermediates\pre-dexed\debug\com.android.support-design-23.3.0_0e0249a238583aab0bd1e35517f67403d23d3c84.jar C:\Users\Vitor\Documents\GitHub\nosso-chate-master\app\build\intermediates\exploded-aar\com.android.support\design\23.3.0\jars\classes.jar
java_class_path (initial): C:\Users\Vitor\AppData\Local\Android\sdk\build-tools\23.0.2\lib\dx.jar
Launcher Type: SUN_STANDARD

Environment Variables:
PATH=C:\Program Files (x86)\NVIDIA Corporation\PhysX\Common;C:\ProgramData\Oracle\Java\javapath;C:\Windows\system32;C:\Windows;C:\Windows\System32\Wbem;C:\Windows\System32\WindowsPowerShell\v1.0\;C:\Program Files (x86)\GtkSharp\2.12\bin;C:\Program Files (x86)\Skype\Phone\;C:\Program Files (x86)\nodejs\;C:\Windows\system32\config\systemprofile\.dnx\bin;C:\Program Files\Microsoft DNX\Dnvm\;C:\Program Files\Microsoft SQL Server\130\Tools\Binn\;C:\Program Files (x86)\Windows Kits\10\Windows Performance Toolkit\;C:\Program Files\Git\cmd;C:\Users\Vitor\AppData\Roaming\npm
USERNAME=Vitor
OS=Windows_NT
PROCESSOR_IDENTIFIER=Intel64 Family 6 Model 37 Stepping 5, GenuineIntel



---------------  S Y S T E M  ---------------

OS: Windows 7 , 64 bit Build 7601 (6.1.7601.19018)

CPU:total 4 (2 cores per cpu, 2 threads per core) family 6 model 37 stepping 5, cmov, cx8, fxsr, mmx, sse, sse2, sse3, ssse3, sse4.1, sse4.2, popcnt, aes, clmul, ht, tsc, tscinvbit

Memory: 4k page, physical 8248440k(848312k free), swap 9170420k(5000k free)

vm_info: Java HotSpot(TM) 64-Bit Server VM (25.91-b14) for windows-amd64 JRE (1.8.0_91-b14), built on Apr  1 2016 00:58:32 by "java_re" with MS VC++ 10.0 (VS2010)

time: Wed Jun 01 17:08:10 2016
elapsed time: 6 seconds (0d 0h 0m 6s)

