#
# There is insufficient memory for the Java Runtime Environment to continue.
# Native memory allocation (malloc) failed to allocate 32744 bytes for ChunkPool::allocate
# Possible reasons:
#   The system is out of physical RAM or swap space
#   In 32 bit mode, the process size limit was hit
# Possible solutions:
#   Reduce memory load on the system
#   Increase physical memory or swap space
#   Check if swap backing store is full
#   Use 64 bit Java on a 64 bit OS
#   Decrease Java heap size (-Xmx/-Xms)
#   Decrease number of Java threads
#   Decrease Java thread stack sizes (-Xss)
#   Set larger code cache with -XX:ReservedCodeCacheSize=
# This output file may be truncated or incomplete.
#
#  Out of Memory Error (allocation.cpp:273), pid=8456, tid=5684
#
# JRE version: Java(TM) SE Runtime Environment (8.0_91-b14) (build 1.8.0_91-b14)
# Java VM: Java HotSpot(TM) 64-Bit Server VM (25.91-b14 mixed mode windows-amd64 compressed oops)
# Failed to write core dump. Minidumps are not enabled by default on client versions of Windows
#

---------------  T H R E A D  ---------------

Current thread (0x0000000014ecd000):  JavaThread "C2 CompilerThread1" daemon [_thread_in_native, id=5684, stack(0x0000000016650000,0x0000000016750000)]

Stack: [0x0000000016650000,0x0000000016750000]
[error occurred during error reporting (printing stack bounds), id 0xc0000005]

Native frames: (J=compiled Java code, j=interpreted, Vv=VM code, C=native code)


Current CompileTask:
C2:  23812 2020   !   4       com.android.dx.cf.code.RopperMachine::run (1550 bytes)


---------------  P R O C E S S  ---------------

Java Threads: ( => current thread )
  0x0000000016b0b800 JavaThread "pool-1-thread-4" [_thread_in_vm, id=2052, stack(0x0000000017730000,0x0000000017830000)]
  0x0000000016b08000 JavaThread "pool-1-thread-3" [_thread_blocked, id=11384, stack(0x0000000017510000,0x0000000017610000)]
  0x0000000016b01000 JavaThread "pool-1-thread-2" [_thread_blocked, id=9264, stack(0x0000000017170000,0x0000000017270000)]
  0x0000000016af8000 JavaThread "pool-2-thread-1" [_thread_blocked, id=9176, stack(0x0000000017300000,0x0000000017400000)]
  0x0000000016af3800 JavaThread "pool-1-thread-1" [_thread_blocked, id=10528, stack(0x0000000016f10000,0x0000000017010000)]
  0x0000000014ecf800 JavaThread "Service Thread" daemon [_thread_blocked, id=8040, stack(0x0000000016ca0000,0x0000000016da0000)]
  0x0000000014ece000 JavaThread "C1 CompilerThread2" daemon [_thread_blocked, id=10988, stack(0x0000000016dc0000,0x0000000016ec0000)]
=>0x0000000014ecd000 JavaThread "C2 CompilerThread1" daemon [_thread_in_native, id=5684, stack(0x0000000016650000,0x0000000016750000)]
  0x0000000014ec8800 JavaThread "C2 CompilerThread0" daemon [_thread_in_native, id=6040, stack(0x0000000016780000,0x0000000016880000)]
  0x0000000014ec4000 JavaThread "Attach Listener" daemon [_thread_blocked, id=1832, stack(0x0000000016320000,0x0000000016420000)]
  0x0000000014ec3000 JavaThread "Signal Dispatcher" daemon [_thread_blocked, id=1920, stack(0x00000000164d0000,0x00000000165d0000)]
  0x0000000014eab000 JavaThread "Finalizer" daemon [_thread_blocked, id=10108, stack(0x0000000016110000,0x0000000016210000)]
  0x0000000014e62000 JavaThread "Reference Handler" daemon [_thread_blocked, id=9108, stack(0x0000000015fc0000,0x00000000160c0000)]
  0x00000000021fe000 JavaThread "main" [_thread_blocked, id=7784, stack(0x0000000002520000,0x0000000002620000)]

Other Threads:
  0x0000000014e5a800 VMThread [stack: 0x0000000015ec0000,0x0000000015fc0000] [id=9212]
  0x0000000016914800 WatcherThread [stack: 0x0000000017050000,0x0000000017150000] [id=6760]

VM state:synchronizing (normal execution)

VM Mutex/Monitor currently owned by a thread:  ([mutex/lock_event])
[0x00000000021fc500] Threads_lock - owner thread: 0x0000000014e5a800

Heap:
 PSYoungGen      total 70656K, used 63526K [0x00000000eab00000, 0x00000000f3500000, 0x0000000100000000)
  eden space 65536K, 89% used [0x00000000eab00000,0x00000000ee40c578,0x00000000eeb00000)
  from space 5120K, 99% used [0x00000000eeb00000,0x00000000eeffd560,0x00000000ef000000)
  to   space 5120K, 0% used [0x00000000f3000000,0x00000000f3000000,0x00000000f3500000)
 ParOldGen       total 86016K, used 14068K [0x00000000c0000000, 0x00000000c5400000, 0x00000000eab00000)
  object space 86016K, 16% used [0x00000000c0000000,0x00000000c0dbd030,0x00000000c5400000)
 Metaspace       used 6366K, capacity 7192K, committed 7424K, reserved 1056768K
  class space    used 626K, capacity 656K, committed 768K, reserved 1048576K

Card table byte_map: [0x0000000011cb0000,0x0000000011ec0000] byte_map_base: 0x00000000116b0000

Marking Bits: (ParMarkBitMap*) 0x0000000070a72f70
 Begin Bits: [0x00000000122d0000, 0x00000000132d0000)
 End Bits:   [0x00000000132d0000, 0x00000000142d0000)

Polling page: 0x0000000000440000

CodeCache: size=245760Kb used=10129Kb max_used=10143Kb free=235630Kb
 bounds [0x00000000028f0000, 0x00000000032f0000, 0x00000000118f0000]
 total_blobs=2203 nmethods=1935 adapters=182
 compilation: enabled

Compilation events (10 events):
Event: 23.178 Thread 0x0000000014ecd000 nmethod 2015 0x0000000003272050 code [0x0000000003272180, 0x0000000003272218]
Event: 23.425 Thread 0x0000000014ecd000 2016       4       com.android.dx.util.LabeledList::getMaxLabel (47 bytes)
Event: 23.429 Thread 0x0000000014ecd000 nmethod 2016 0x0000000003271390 code [0x00000000032714e0, 0x0000000003271698]
Event: 23.440 Thread 0x0000000014ece000 2017       3       java.util.concurrent.locks.AbstractQueuedSynchronizer::compareAndSetTail (13 bytes)
Event: 23.441 Thread 0x0000000014ece000 nmethod 2017 0x0000000003271050 code [0x00000000032711a0, 0x0000000003271330]
Event: 23.446 Thread 0x0000000014ecd000 2018       4       com.android.dx.cf.code.Ropper::getRopMethod (64 bytes)
Event: 23.458 Thread 0x0000000014ece000 2019       3       java.util.concurrent.locks.AbstractQueuedSynchronizer::setHead (16 bytes)
Event: 23.458 Thread 0x0000000014ece000 nmethod 2019 0x00000000032d8450 code [0x00000000032d85a0, 0x00000000032d8750]
Event: 23.473 Thread 0x0000000014ecd000 nmethod 2018 0x00000000032dec10 code [0x00000000032dede0, 0x00000000032dfac8]
Event: 23.473 Thread 0x0000000014ecd000 2020   !   4       com.android.dx.cf.code.RopperMachine::run (1550 bytes)

GC Heap History (6 events):
Event: 2.431 GC heap before
{Heap before GC invocations=1 (full 0):
 PSYoungGen      total 37888K, used 32768K [0x00000000eab00000, 0x00000000ed500000, 0x0000000100000000)
  eden space 32768K, 100% used [0x00000000eab00000,0x00000000ecb00000,0x00000000ecb00000)
  from space 5120K, 0% used [0x00000000ed000000,0x00000000ed000000,0x00000000ed500000)
  to   space 5120K, 0% used [0x00000000ecb00000,0x00000000ecb00000,0x00000000ed000000)
 ParOldGen       total 86016K, used 0K [0x00000000c0000000, 0x00000000c5400000, 0x00000000eab00000)
  object space 86016K, 0% used [0x00000000c0000000,0x00000000c0000000,0x00000000c5400000)
 Metaspace       used 5952K, capacity 6900K, committed 7040K, reserved 1056768K
  class space    used 601K, capacity 620K, committed 640K, reserved 1048576K
Event: 2.889 GC heap after
Heap after GC invocations=1 (full 0):
 PSYoungGen      total 37888K, used 5098K [0x00000000eab00000, 0x00000000ef500000, 0x0000000100000000)
  eden space 32768K, 0% used [0x00000000eab00000,0x00000000eab00000,0x00000000ecb00000)
  from space 5120K, 99% used [0x00000000ecb00000,0x00000000ecffaad8,0x00000000ed000000)
  to   space 5120K, 0% used [0x00000000ef000000,0x00000000ef000000,0x00000000ef500000)
 ParOldGen       total 86016K, used 1045K [0x00000000c0000000, 0x00000000c5400000, 0x00000000eab00000)
  object space 86016K, 1% used [0x00000000c0000000,0x00000000c0105710,0x00000000c5400000)
 Metaspace       used 5952K, capacity 6900K, committed 7040K, reserved 1056768K
  class space    used 601K, capacity 620K, committed 640K, reserved 1048576K
}
Event: 5.940 GC heap before
{Heap before GC invocations=2 (full 0):
 PSYoungGen      total 37888K, used 37866K [0x00000000eab00000, 0x00000000ef500000, 0x0000000100000000)
  eden space 32768K, 100% used [0x00000000eab00000,0x00000000ecb00000,0x00000000ecb00000)
  from space 5120K, 99% used [0x00000000ecb00000,0x00000000ecffaad8,0x00000000ed000000)
  to   space 5120K, 0% used [0x00000000ef000000,0x00000000ef000000,0x00000000ef500000)
 ParOldGen       total 86016K, used 1045K [0x00000000c0000000, 0x00000000c5400000, 0x00000000eab00000)
  object space 86016K, 1% used [0x00000000c0000000,0x00000000c0105710,0x00000000c5400000)
 Metaspace       used 6130K, capacity 7028K, committed 7296K, reserved 1056768K
  class space    used 604K, capacity 620K, committed 640K, reserved 1048576K
Event: 6.302 GC heap after
Heap after GC invocations=2 (full 0):
 PSYoungGen      total 70656K, used 5112K [0x00000000eab00000, 0x00000000ef500000, 0x0000000100000000)
  eden space 65536K, 0% used [0x00000000eab00000,0x00000000eab00000,0x00000000eeb00000)
  from space 5120K, 99% used [0x00000000ef000000,0x00000000ef4fe358,0x00000000ef500000)
  to   space 5120K, 0% used [0x00000000eeb00000,0x00000000eeb00000,0x00000000ef000000)
 ParOldGen       total 86016K, used 4610K [0x00000000c0000000, 0x00000000c5400000, 0x00000000eab00000)
  object space 86016K, 5% used [0x00000000c0000000,0x00000000c0480b50,0x00000000c5400000)
 Metaspace       used 6130K, capacity 7028K, committed 7296K, reserved 1056768K
  class space    used 604K, capacity 620K, committed 640K, reserved 1048576K
}
Event: 10.850 GC heap before
{Heap before GC invocations=3 (full 0):
 PSYoungGen      total 70656K, used 70648K [0x00000000eab00000, 0x00000000ef500000, 0x0000000100000000)
  eden space 65536K, 100% used [0x00000000eab00000,0x00000000eeb00000,0x00000000eeb00000)
  from space 5120K, 99% used [0x00000000ef000000,0x00000000ef4fe358,0x00000000ef500000)
  to   space 5120K, 0% used [0x00000000eeb00000,0x00000000eeb00000,0x00000000ef000000)
 ParOldGen       total 86016K, used 4610K [0x00000000c0000000, 0x00000000c5400000, 0x00000000eab00000)
  object space 86016K, 5% used [0x00000000c0000000,0x00000000c0480b50,0x00000000c5400000)
 Metaspace       used 6331K, capacity 7128K, committed 7424K, reserved 1056768K
  class space    used 625K, capacity 656K, committed 768K, reserved 1048576K
Event: 11.113 GC heap after
Heap after GC invocations=3 (full 0):
 PSYoungGen      total 70656K, used 5109K [0x00000000eab00000, 0x00000000f3500000, 0x0000000100000000)
  eden space 65536K, 0% used [0x00000000eab00000,0x00000000eab00000,0x00000000eeb00000)
  from space 5120K, 99% used [0x00000000eeb00000,0x00000000eeffd560,0x00000000ef000000)
  to   space 5120K, 0% used [0x00000000f3000000,0x00000000f3000000,0x00000000f3500000)
 ParOldGen       total 86016K, used 14068K [0x00000000c0000000, 0x00000000c5400000, 0x00000000eab00000)
  object space 86016K, 16% used [0x00000000c0000000,0x00000000c0dbd030,0x00000000c5400000)
 Metaspace       used 6331K, capacity 7128K, committed 7424K, reserved 1056768K
  class space    used 625K, capacity 656K, committed 768K, reserved 1048576K
}

Deoptimization events (10 events):
Event: 10.462 Thread 0x0000000016af3800 Uncommon trap: reason=bimorphic action=maybe_recompile pc=0x000000000306ed6c method=com.android.dx.cf.code.BytecodeArray.parseInstruction(ILcom/android/dx/cf/code/BytecodeArray$Visitor;)I @ 907
Event: 10.610 Thread 0x0000000016af3800 Uncommon trap: reason=bimorphic action=maybe_recompile pc=0x000000000306edec method=com.android.dx.cf.code.BytecodeArray.parseInstruction(ILcom/android/dx/cf/code/BytecodeArray$Visitor;)I @ 923
Event: 10.612 Thread 0x0000000016af3800 Uncommon trap: reason=bimorphic action=maybe_recompile pc=0x0000000002e75b84 method=com.android.dx.ssa.LiteralOpUpgrader.tryReplacingWithConstant(Lcom/android/dx/ssa/NormalSsaInsn;)Z @ 52
Event: 10.612 Thread 0x0000000016af3800 Uncommon trap: reason=bimorphic action=maybe_recompile pc=0x0000000002e75b84 method=com.android.dx.ssa.LiteralOpUpgrader.tryReplacingWithConstant(Lcom/android/dx/ssa/NormalSsaInsn;)Z @ 52
Event: 10.652 Thread 0x0000000016af3800 Uncommon trap: reason=unstable_if action=reinterpret pc=0x0000000003009dcc method=com.android.dx.rop.code.LocalVariableInfo.mergeStarts(ILcom/android/dx/rop/code/RegisterSpecSet;)Z @ 31
Event: 15.053 Thread 0x0000000016b08000 Uncommon trap: reason=bimorphic action=maybe_recompile pc=0x0000000002e7c4a4 method=com.android.dx.ssa.LiteralOpUpgrader.tryReplacingWithConstant(Lcom/android/dx/ssa/NormalSsaInsn;)Z @ 52
Event: 19.576 Thread 0x0000000016b0b800 Uncommon trap: reason=unstable_if action=reinterpret pc=0x0000000003239630 method=com.android.dx.rop.code.DexTranslationAdvice.hasConstantOperation(Lcom/android/dx/rop/code/Rop;Lcom/android/dx/rop/code/RegisterSpec;Lcom/android/dx/rop/code/RegisterSpec;)Z ¥ÎÛk
¿3@
Event: 19.746 Thread 0x0000000016b0b800 Uncommon trap: reason=bimorphic action=maybe_recompile pc=0x00000000031b06a4 method=com.android.dx.cf.code.BytecodeArray.parseInstruction(ILcom/android/dx/cf/code/BytecodeArray$Visitor;)I @ 2484
Event: 19.746 Thread 0x0000000016b0b800 Uncommon trap: reason=bimorphic action=maybe_recompile pc=0x00000000031b06a4 method=com.android.dx.cf.code.BytecodeArray.parseInstruction(ILcom/android/dx/cf/code/BytecodeArray$Visitor;)I @ 2484
Event: 20.549 Thread 0x0000000016b01000 Uncommon trap: reason=unstable_if action=reinterpret pc=0x0000000002fc282c method=com.android.dx.ssa.LocalVariableExtractor.processBlock(I)V @ 251

Internal exceptions (7 events):
Event: 0.046 Thread 0x00000000021fe000 Exception <a 'java/lang/NoSuchMethodError': Method sun.misc.Unsafe.defineClass(Ljava/lang/String;[BII)Ljava/lang/Class; name or signature does not match> (0x00000000eab07cc0) thrown at [C:\re\workspace\8-2-build-windows-amd64-cygwin\jdk8u91\6644\hotspot\sr…ïÍÇÒ§?
Event: 0.047 Thread 0x00000000021fe000 Exception <a 'java/lang/NoSuchMethodError': Method sun.misc.Unsafe.prefetchRead(Ljava/lang/Object;J)V name or signature does not match> (0x00000000eab07fa8) thrown at [C:\re\workspace\8-2-build-windows-amd64-cygwin\jdk8u91\6644\hotspot\src\share\vm\prims\j|z*²3ö?
Event: 1.388 Thread 0x00000000021fe000 Implicit null exception at 0x0000000002bb2d26 to 0x0000000002bb449d
Event: 1.446 Thread 0x0000000016b01000 Implicit null exception at 0x0000000002c13dd2 to 0x0000000002c13ec2
Event: 6.359 Thread 0x0000000016b0b800 Exception <a 'java/lang/ArrayIndexOutOfBoundsException': 18> (0x00000000eb1b01e8) thrown at [C:\re\workspace\8-2-build-windows-amd64-cygwin\jdk8u91\6644\hotspot\src\share\vm\interpreter\interpreterRuntime.cpp, line 366]
Event: 6.359 Thread 0x0000000016b0b800 Exception <a 'java/lang/ArrayIndexOutOfBoundsException': 145> (0x00000000eb1b1d68) thrown at [C:\re\workspace\8-2-build-windows-amd64-cygwin\jdk8u91\6644\hotspot\src\share\vm\interpreter\interpreterRuntime.cpp, line 366]
Event: 6.360 Thread 0x0000000016b0b800 Exception <a 'java/lang/ArrayIndexOutOfBoundsException'> (0x00000000eb1b3050) thrown at [C:\re\workspace\8-2-build-windows-amd64-cygwin\jdk8u91\6644\hotspot\src\share\vm\runtime\sharedRuntime.cpp, line 605]

Events (10 events):
Event: 19.746 Thread 0x0000000016b0b800 DEOPT UNPACKING pc=0x000000000293582a sp=0x000000001782e9a8 mode 2
Event: 20.549 Thread 0x0000000016b01000 Uncommon trap: trap_request=0xffffff65 fr.pc=0x0000000002fc282c
Event: 20.549 Thread 0x0000000016b01000 DEOPT PACKING pc=0x0000000002fc282c sp=0x000000001726eb20
Event: 20.550 Thread 0x0000000016b01000 DEOPT UNPACKING pc=0x000000000293582a sp=0x000000001726eaf0 mode 2
Event: 20.786 Thread 0x0000000016b0b800 DEOPT PACKING pc=0x0000000002d64df9 sp=0x000000001782eb50
Event: 20.786 Thread 0x0000000016b0b800 DEOPT UNPACKING pc=0x000000000293747f sp=0x000000001782e990 mode 0
Event: 20.799 Thread 0x0000000016b0b800 DEOPT PACKING pc=0x0000000002eb640d sp=0x000000001782ed20
Event: 20.799 Thread 0x0000000016b0b800 DEOPT UNPACKING pc=0x000000000293747f sp=0x000000001782ea58 mode 0
Event: 21.342 Thread 0x0000000016b0b800 DEOPT PACKING pc=0x0000000002cf9158 sp=0x000000001782edf0
Event: 21.342 Thread 0x0000000016b0b800 DEOPT UNPACKING pc=0x000000000293747f sp=0x000000001782eb80 mode 0


Dynamic libraries:
0x000000013f100000 - 0x000000013f137000 	C:\Program Files\Java\jdk1.8.0_91\bin\java.exe
0x0000000077650000 - 0x00000000777f9000 	C:\Windows\SYSTEM32\ntdll.dll
0x0000000077530000 - 0x0000000077650000 	C:\Windows\system32\kernel32.dll
0x000007fefd530000 - 0x000007fefd59c000 	C:\Windows\system32\KERNELBASE.dll
0x000007fefe5a0000 - 0x000007fefe67b000 	C:\Windows\system32\ADVAPI32.dll
0x000007fefd9e0000 - 0x000007fefda7f000 	C:\Windows\system32\msvcrt.dll
0x000007feff830000 - 0x000007feff84f000 	C:\Windows\SYSTEM32\sechost.dll
0x000007fefe810000 - 0x000007fefe93d000 	C:\Windows\system32\RPCRT4.dll
0x0000000077430000 - 0x000000007752a000 	C:\Windows\system32\USER32.dll
0x000007fefd890000 - 0x000007fefd8f7000 	C:\Windows\system32\GDI32.dll
0x000007fefddc0000 - 0x000007fefddce000 	C:\Windows\system32\LPK.dll
0x000007feff890000 - 0x000007feff959000 	C:\Windows\system32\USP10.dll
0x000007fefba20000 - 0x000007fefbc14000 	C:\Windows\WinSxS\amd64_microsoft.windows.common-controls_6595b64144ccf1df_6.0.7601.18837_none_fa3b1e3d17594757\COMCTL32.dll
0x000007fefe040000 - 0x000007fefe0b1000 	C:\Windows\system32\SHLWAPI.dll
0x000007feff860000 - 0x000007feff88e000 	C:\Windows\system32\IMM32.DLL
0x000007fefdc60000 - 0x000007fefdd69000 	C:\Windows\system32\MSCTF.dll
0x0000000053450000 - 0x0000000053522000 	C:\Program Files\Java\jdk1.8.0_91\jre\bin\msvcr100.dll
0x0000000070260000 - 0x0000000070af3000 	C:\Program Files\Java\jdk1.8.0_91\jre\bin\server\jvm.dll
0x000007fefba10000 - 0x000007fefba19000 	C:\Windows\system32\WSOCK32.dll
0x000007fefdd70000 - 0x000007fefddbd000 	C:\Windows\system32\WS2_32.dll
0x000007feff850000 - 0x000007feff858000 	C:\Windows\system32\NSI.dll
0x000007fefa400000 - 0x000007fefa43b000 	C:\Windows\system32\WINMM.dll
0x000007fefc490000 - 0x000007fefc49c000 	C:\Windows\system32\VERSION.dll
0x0000000077810000 - 0x0000000077817000 	C:\Windows\system32\PSAPI.DLL
0x000000005c530000 - 0x000000005c53f000 	C:\Program Files\Java\jdk1.8.0_91\jre\bin\verify.dll
0x0000000055930000 - 0x0000000055959000 	C:\Program Files\Java\jdk1.8.0_91\jre\bin\java.dll
0x000000005b260000 - 0x000000005b276000 	C:\Program Files\Java\jdk1.8.0_91\jre\bin\zip.dll
0x000007fefeaa0000 - 0x000007feff829000 	C:\Windows\system32\SHELL32.dll
0x000007fefe0c0000 - 0x000007fefe2c3000 	C:\Windows\system32\ole32.dll
0x000007fefd400000 - 0x000007fefd40f000 	C:\Windows\system32\profapi.dll

VM Arguments:
jvm_args: -Djava.awt.headless=true -Xmx1024M -Dfile.encoding=windows-1252 -Duser.country=BR -Duser.language=pt -Duser.variant 
java_command: com.android.dx.command.Main --dex --force-jumbo --num-threads=4 --output C:\Users\Vitor\Documents\GitHub\nosso-chate-master\app\build\intermediates\pre-dexed\debug\com.android.support-recyclerview-v7-23.3.0_f929a529200846710dad9346c8e0c6da396265a6.jar C:\Users\Vitor\Documents\GitHub\nosso-chate-master\app\build\intermediates\exploded-aar\com.android.support\recyclerview-v7\23.3.0\jars\classes.jar
java_class_path (initial): C:\Users\Vitor\AppData\Local\Android\sdk\build-tools\23.0.2\lib\dx.jar
Launcher Type: SUN_STANDARD

Environment Variables:
PATH=C:\Program Files (x86)\NVIDIA Corporation\PhysX\Common;C:\ProgramData\Oracle\Java\javapath;C:\Windows\system32;C:\Windows;C:\Windows\System32\Wbem;C:\Windows\System32\WindowsPowerShell\v1.0\;C:\Program Files (x86)\GtkSharp\2.12\bin;C:\Program Files (x86)\Skype\Phone\;C:\Program Files (x86)\nodejs\;C:\Windows\system32\config\systemprofile\.dnx\bin;C:\Program Files\Microsoft DNX\Dnvm\;C:\Program Files\Microsoft SQL Server\130\Tools\Binn\;C:\Program Files (x86)\Windows Kits\10\Windows Performance Toolkit\;C:\Program Files\Git\cmd;C:\Users\Vitor\AppData\Roaming\npm
USERNAME=Vitor
OS=Windows_NT
PROCESSOR_IDENTIFIER=Intel64 Family 6 Model 37 Stepping 5, GenuineIntel



---------------  S Y S T E M  ---------------

OS: Windows 7 , 64 bit Build 7601 (6.1.7601.19018)

CPU:total 4 (2 cores per cpu, 2 threads per core) family 6 model 37 stepping 5, cmov, cx8, fxsr, mmx, sse, sse2, sse3, ssse3, sse4.1, sse4.2, popcnt, aes, clmul, ht, tsc, tscinvbit

Memory: 4k page, physical 8248440k(705584k free), swap 9170420k(5044k free)

vm_info: Java HotSpot(TM) 64-Bit Server VM (25.91-b14) for windows-amd64 JRE (1.8.0_91-b14), built on Apr  1 2016 00:58:32 by "java_re" with MS VC++ 10.0 (VS2010)

time: Wed Jun 01 17:08:27 2016
elapsed time: 23 seconds (0d 0h 0m 23s)

