#
# There is insufficient memory for the Java Runtime Environment to continue.
# Native memory allocation (malloc) failed to allocate 2062976 bytes for Chunk::new
# Possible reasons:
#   The system is out of physical RAM or swap space
#   In 32 bit mode, the process size limit was hit
# Possible solutions:
#   Reduce memory load on the system
#   Increase physical memory or swap space
#   Check if swap backing store is full
#   Use 64 bit Java on a 64 bit OS
#   Decrease Java heap size (-Xmx/-Xms)
#   Decrease number of Java threads
#   Decrease Java thread stack sizes (-Xss)
#   Set larger code cache with -XX:ReservedCodeCacheSize=
# This output file may be truncated or incomplete.
#
#  Out of Memory Error (allocation.cpp:390), pid=6012, tid=7404
#
# JRE version: Java(TM) SE Runtime Environment (8.0_91-b14) (build 1.8.0_91-b14)
# Java VM: Java HotSpot(TM) 64-Bit Server VM (25.91-b14 mixed mode windows-amd64 compressed oops)
# Failed to write core dump. Minidumps are not enabled by default on client versions of Windows
#

---------------  T H R E A D  ---------------

Current thread (0x00000000153c6800):  JavaThread "C2 CompilerThread0" daemon [_thread_in_native, id=7404, stack(0x00000000168e0000,0x00000000169e0000)]

Stack: [0x00000000168e0000,0x00000000169e0000]
[error occurred during error reporting (printing stack bounds), id 0xc0000005]

Native frames: (J=compiled Java code, j=interpreted, Vv=VM code, C=native code)


Current CompileTask:
C2:  12210 2060   !   4       com.android.dx.cf.code.BytecodeArray::parseInstruction (2764 bytes)


---------------  P R O C E S S  ---------------

Java Threads: ( => current thread )
  0x00000000173b7000 JavaThread "pool-1-thread-4" [_thread_blocked, id=9612, stack(0x0000000018060000,0x0000000018160000)]
  0x0000000016d6b000 JavaThread "pool-1-thread-3" [_thread_blocked, id=11500, stack(0x0000000017ed0000,0x0000000017fd0000)]
  0x00000000172e1000 JavaThread "pool-1-thread-2" [_thread_in_Java, id=7304, stack(0x0000000017ae0000,0x0000000017be0000)]
  0x0000000016c3d000 JavaThread "pool-2-thread-1" [_thread_blocked, id=9704, stack(0x0000000017d70000,0x0000000017e70000)]
  0x0000000016c3b000 JavaThread "pool-1-thread-1" [_thread_blocked, id=2024, stack(0x0000000017bf0000,0x0000000017cf0000)]
  0x0000000016a48000 JavaThread "Service Thread" daemon [_thread_blocked, id=8020, stack(0x00000000171c0000,0x00000000172c0000)]
  0x0000000016a34000 JavaThread "C1 CompilerThread2" daemon [_thread_blocked, id=12012, stack(0x0000000016f30000,0x0000000017030000)]
  0x0000000016a2b000 JavaThread "C2 CompilerThread1" daemon [_thread_in_native, id=7796, stack(0x0000000016de0000,0x0000000016ee0000)]
=>0x00000000153c6800 JavaThread "C2 CompilerThread0" daemon [_thread_in_native, id=7404, stack(0x00000000168e0000,0x00000000169e0000)]
  0x00000000153c2800 JavaThread "Attach Listener" daemon [_thread_blocked, id=7312, stack(0x0000000016730000,0x0000000016830000)]
  0x00000000153c1000 JavaThread "Signal Dispatcher" daemon [_thread_blocked, id=9828, stack(0x0000000016150000,0x0000000016250000)]
  0x00000000153a9000 JavaThread "Finalizer" daemon [_thread_blocked, id=9584, stack(0x00000000164e0000,0x00000000165e0000)]
  0x0000000015362000 JavaThread "Reference Handler" daemon [_thread_blocked, id=4804, stack(0x0000000016360000,0x0000000016460000)]
  0x00000000022fe000 JavaThread "main" [_thread_blocked, id=308, stack(0x0000000002610000,0x0000000002710000)]

Other Threads:
  0x000000001535a800 VMThread [stack: 0x0000000016260000,0x0000000016360000] [id=7380]
  0x0000000016a4f800 WatcherThread [stack: 0x0000000016600000,0x0000000016700000] [id=7008]

VM state:not at safepoint (normal execution)

VM Mutex/Monitor currently owned by a thread: None

Heap:
 PSYoungGen      total 136192K, used 94373K [0x00000000eab00000, 0x00000000f3500000, 0x0000000100000000)
  eden space 131072K, 68% used [0x00000000eab00000,0x00000000f022db78,0x00000000f2b00000)
  from space 5120K, 99% used [0x00000000f3000000,0x00000000f34fba20,0x00000000f3500000)
  to   space 5120K, 0% used [0x00000000f2b00000,0x00000000f2b00000,0x00000000f3000000)
 ParOldGen       total 86016K, used 25441K [0x00000000c0000000, 0x00000000c5400000, 0x00000000eab00000)
  object space 86016K, 29% used [0x00000000c0000000,0x00000000c18d86f8,0x00000000c5400000)
 Metaspace       used 6426K, capacity 7192K, committed 7424K, reserved 1056768K
  class space    used 620K, capacity 656K, committed 768K, reserved 1048576K

Card table byte_map: [0x0000000011da0000,0x0000000011fb0000] byte_map_base: 0x00000000117a0000

Marking Bits: (ParMarkBitMap*) 0x0000000070a72f70
 Begin Bits: [0x00000000127d0000, 0x00000000137d0000)
 End Bits:   [0x00000000137d0000, 0x00000000147d0000)

Polling page: 0x0000000000330000

CodeCache: size=245760Kb used=8715Kb max_used=8715Kb free=237044Kb
 bounds [0x00000000029e0000, 0x0000000003270000, 0x00000000119e0000]
 total_blobs=2237 nmethods=1969 adapters=181
 compilation: enabled

Compilation events (10 events):
Event: 11.835 Thread 0x0000000016a34000 2102   !   2       java.util.concurrent.LinkedBlockingQueue::take (93 bytes)
Event: 11.836 Thread 0x0000000016a34000 nmethod 2102 0x0000000003266150 code [0x00000000032663a0, 0x0000000003266ab8]
Event: 11.836 Thread 0x0000000016a34000 2103       2       java.util.concurrent.LinkedBlockingQueue::dequeue (32 bytes)
Event: 11.836 Thread 0x0000000016a34000 nmethod 2103 0x00000000032675d0 code [0x0000000003267720, 0x00000000032678b0]
Event: 11.836 Thread 0x0000000016a34000 2104       2       java.util.concurrent.atomic.AtomicInteger::getAndDecrement (12 bytes)
Event: 11.836 Thread 0x0000000016a34000 nmethod 2104 0x0000000003267990 code [0x0000000003267ae0, 0x0000000003267c30]
Event: 11.937 Thread 0x0000000016a34000 2105       2       java.util.concurrent.locks.ReentrantLock$NonfairSync::tryAcquire (6 bytes)
Event: 11.937 Thread 0x0000000016a34000 nmethod 2105 0x0000000003267c90 code [0x0000000003267e00, 0x0000000003267f68]
Event: 11.937 Thread 0x0000000016a34000 2106       2       java.util.concurrent.locks.ReentrantLock$Sync::nonfairTryAcquire (67 bytes)
Event: 11.939 Thread 0x0000000016a34000 nmethod 2106 0x0000000003268010 code [0x0000000003268180, 0x0000000003268408]

GC Heap History (8 events):
Event: 1.739 GC heap before
{Heap before GC invocations=1 (full 0):
 PSYoungGen      total 37888K, used 32768K [0x00000000eab00000, 0x00000000ed500000, 0x0000000100000000)
  eden space 32768K, 100% used [0x00000000eab00000,0x00000000ecb00000,0x00000000ecb00000)
  from space 5120K, 0% used [0x00000000ed000000,0x00000000ed000000,0x00000000ed500000)
  to   space 5120K, 0% used [0x00000000ecb00000,0x00000000ecb00000,0x00000000ed000000)
 ParOldGen       total 86016K, used 0K [0x00000000c0000000, 0x00000000c5400000, 0x00000000eab00000)
  object space 86016K, 0% used [0x00000000c0000000,0x00000000c0000000,0x00000000c5400000)
 Metaspace       used 5904K, capacity 6834K, committed 7040K, reserved 1056768K
  class space    used 596K, capacity 618K, committed 640K, reserved 1048576K
Event: 1.820 GC heap after
Heap after GC invocations=1 (full 0):
 PSYoungGen      total 37888K, used 5113K [0x00000000eab00000, 0x00000000ef500000, 0x0000000100000000)
  eden space 32768K, 0% used [0x00000000eab00000,0x00000000eab00000,0x00000000ecb00000)
  from space 5120K, 99% used [0x00000000ecb00000,0x00000000ecffe6f8,0x00000000ed000000)
  to   space 5120K, 0% used [0x00000000ef000000,0x00000000ef000000,0x00000000ef500000)
 ParOldGen       total 86016K, used 640K [0x00000000c0000000, 0x00000000c5400000, 0x00000000eab00000)
  object space 86016K, 0% used [0x00000000c0000000,0x00000000c00a03d0,0x00000000c5400000)
 Metaspace       used 5904K, capacity 6834K, committed 7040K, reserved 1056768K
  class space    used 596K, capacity 618K, committed 640K, reserved 1048576K
}
Event: 3.083 GC heap before
{Heap before GC invocations=2 (full 0):
 PSYoungGen      total 37888K, used 37881K [0x00000000eab00000, 0x00000000ef500000, 0x0000000100000000)
  eden space 32768K, 100% used [0x00000000eab00000,0x00000000ecb00000,0x00000000ecb00000)
  from space 5120K, 99% used [0x00000000ecb00000,0x00000000ecffe6f8,0x00000000ed000000)
  to   space 5120K, 0% used [0x00000000ef000000,0x00000000ef000000,0x00000000ef500000)
 ParOldGen       total 86016K, used 640K [0x00000000c0000000, 0x00000000c5400000, 0x00000000eab00000)
  object space 86016K, 0% used [0x00000000c0000000,0x00000000c00a03d0,0x00000000c5400000)
 Metaspace       used 6122K, capacity 7026K, committed 7296K, reserved 1056768K
  class space    used 598K, capacity 618K, committed 640K, reserved 1048576K
Event: 3.857 GC heap after
Heap after GC invocations=2 (full 0):
 PSYoungGen      total 70656K, used 5097K [0x00000000eab00000, 0x00000000ef500000, 0x0000000100000000)
  eden space 65536K, 0% used [0x00000000eab00000,0x00000000eab00000,0x00000000eeb00000)
  from space 5120K, 99% used [0x00000000ef000000,0x00000000ef4fa410,0x00000000ef500000)
  to   space 5120K, 0% used [0x00000000eeb00000,0x00000000eeb00000,0x00000000ef000000)
 ParOldGen       total 86016K, used 4723K [0x00000000c0000000, 0x00000000c5400000, 0x00000000eab00000)
  object space 86016K, 5% used [0x00000000c0000000,0x00000000c049cf98,0x00000000c5400000)
 Metaspace       used 6122K, capacity 7026K, committed 7296K, reserved 1056768K
  class space    used 598K, capacity 618K, committed 640K, reserved 1048576K
}
Event: 6.891 GC heap before
{Heap before GC invocations=3 (full 0):
 PSYoungGen      total 70656K, used 70633K [0x00000000eab00000, 0x00000000ef500000, 0x0000000100000000)
  eden space 65536K, 100% used [0x00000000eab00000,0x00000000eeb00000,0x00000000eeb00000)
  from space 5120K, 99% used [0x00000000ef000000,0x00000000ef4fa410,0x00000000ef500000)
  to   space 5120K, 0% used [0x00000000eeb00000,0x00000000eeb00000,0x00000000ef000000)
 ParOldGen       total 86016K, used 4723K [0x00000000c0000000, 0x00000000c5400000, 0x00000000eab00000)
  object space 86016K, 5% used [0x00000000c0000000,0x00000000c049cf98,0x00000000c5400000)
 Metaspace       used 6204K, capacity 7090K, committed 7296K, reserved 1056768K
  class space    used 599K, capacity 618K, committed 640K, reserved 1048576K
Event: 7.353 GC heap after
Heap after GC invocations=3 (full 0):
 PSYoungGen      total 70656K, used 5113K [0x00000000eab00000, 0x00000000f3500000, 0x0000000100000000)
  eden space 65536K, 0% used [0x00000000eab00000,0x00000000eab00000,0x00000000eeb00000)
  from space 5120K, 99% used [0x00000000eeb00000,0x00000000eeffe678,0x00000000ef000000)
  to   space 5120K, 0% used [0x00000000f3000000,0x00000000f3000000,0x00000000f3500000)
 ParOldGen       total 86016K, used 14410K [0x00000000c0000000, 0x00000000c5400000, 0x00000000eab00000)
  object space 86016K, 16% used [0x00000000c0000000,0x00000000c0e12a88,0x00000000c5400000)
 Metaspace       used 6204K, capacity 7090K, committed 7296K, reserved 1056768K
  class space    used 599K, capacity 618K, committed 640K, reserved 1048576K
}
Event: 9.193 GC heap before
{Heap before GC invocations=4 (full 0):
 PSYoungGen      total 70656K, used 70649K [0x00000000eab00000, 0x00000000f3500000, 0x0000000100000000)
  eden space 65536K, 100% used [0x00000000eab00000,0x00000000eeb00000,0x00000000eeb00000)
  from space 5120K, 99% used [0x00000000eeb00000,0x00000000eeffe678,0x00000000ef000000)
  to   space 5120K, 0% used [0x00000000f3000000,0x00000000f3000000,0x00000000f3500000)
 ParOldGen       total 86016K, used 14410K [0x00000000c0000000, 0x00000000c5400000, 0x00000000eab00000)
  object space 86016K, 16% used [0x00000000c0000000,0x00000000c0e12a88,0x00000000c5400000)
 Metaspace       used 6352K, capacity 7128K, committed 7424K, reserved 1056768K
  class space    used 619K, capacity 656K, committed 768K, reserved 1048576K
Event: 9.277 GC heap after
Heap after GC invocations=4 (full 0):
 PSYoungGen      total 136192K, used 5102K [0x00000000eab00000, 0x00000000f3500000, 0x0000000100000000)
  eden space 131072K, 0% used [0x00000000eab00000,0x00000000eab00000,0x00000000f2b00000)
  from space 5120K, 99% used [0x00000000f3000000,0x00000000f34fba20,0x00000000f3500000)
  to   space 5120K, 0% used [0x00000000f2b00000,0x00000000f2b00000,0x00000000f3000000)
 ParOldGen       total 86016K, used 25441K [0x00000000c0000000, 0x00000000c5400000, 0x00000000eab00000)
  object space 86016K, 29% used [0x00000000c0000000,0x00000000c18d86f8,0x00000000c5400000)
 Metaspace       used 6352K, capacity 7128K, committed 7424K, reserved 1056768K
  class space    used 619K, capacity 656K, committed 768K, reserved 1048576K
}

Deoptimization events (10 events):
Event: 10.875 Thread 0x00000000172e1000 Uncommon trap: reason=bimorphic action=maybe_recompile pc=0x00000000030de018 method=com.android.dx.ssa.SCCP.setLatticeValueTo(IILcom/android/dx/rop/cst/Constant;)Z @ 43
Event: 10.883 Thread 0x00000000172e1000 Uncommon trap: reason=bimorphic action=maybe_recompile pc=0x00000000030c95b8 method=com.android.dx.ssa.SCCP.simulatePhi(Lcom/android/dx/ssa/PhiInsn;)V @ 124
Event: 10.883 Thread 0x00000000172e1000 Uncommon trap: reason=bimorphic action=maybe_recompile pc=0x00000000030c95f8 method=com.android.dx.ssa.SCCP.setLatticeValueTo(IILcom/android/dx/rop/cst/Constant;)Z @ 43
Event: 10.883 Thread 0x00000000172e1000 Uncommon trap: reason=bimorphic action=maybe_recompile pc=0x00000000030c95f8 method=com.android.dx.ssa.SCCP.setLatticeValueTo(IILcom/android/dx/rop/cst/Constant;)Z @ 43
Event: 10.883 Thread 0x00000000172e1000 Uncommon trap: reason=bimorphic action=maybe_recompile pc=0x00000000030de018 method=com.android.dx.ssa.SCCP.setLatticeValueTo(IILcom/android/dx/rop/cst/Constant;)Z @ 43
Event: 10.884 Thread 0x00000000172e1000 Uncommon trap: reason=bimorphic action=maybe_recompile pc=0x00000000031c9bf8 method=java.util.HashMap.getNode(ILjava/lang/Object;)Ljava/util/HashMap$Node; @ 126
Event: 10.884 Thread 0x00000000172e1000 Uncommon trap: reason=class_check action=maybe_recompile pc=0x000000000316b514 method=java.util.HashMap.putVal(ILjava/lang/Object;Ljava/lang/Object;ZZ)Ljava/lang/Object; @ 203
Event: 10.887 Thread 0x00000000172e1000 Uncommon trap: reason=bimorphic action=maybe_recompile pc=0x00000000031c9bf8 method=java.util.HashMap.getNode(ILjava/lang/Object;)Ljava/util/HashMap$Node; @ 126
Event: 10.887 Thread 0x00000000172e1000 Uncommon trap: reason=class_check action=maybe_recompile pc=0x000000000316b514 method=java.util.HashMap.putVal(ILjava/lang/Object;Ljava/lang/Object;ZZ)Ljava/lang/Object; @ 203
Event: 11.824 Thread 0x00000000022fe000 Uncommon trap: reason=unstable_if action=reinterpret pc=0x00000000031e3334 method=com.android.dx.cf.direct.StdAttributeFactory.parse0(Lcom/android/dx/cf/direct/DirectClassFile;ILjava/lang/String;IILcom/android/dx/cf/iface/ParseObserver;)Lcom/android/dx/cf/ddž28À%@

Internal exceptions (6 events):
Event: 0.056 Thread 0x00000000022fe000 Exception <a 'java/lang/NoSuchMethodError': Method sun.misc.Unsafe.defineClass(Ljava/lang/String;[BII)Ljava/lang/Class; name or signature does not match> (0x00000000eab07cc0) thrown at [C:\re\workspace\8-2-build-windows-amd64-cygwin\jdk8u91\6644\hotspot\sríÈwáÈ¬?
Event: 0.056 Thread 0x00000000022fe000 Exception <a 'java/lang/NoSuchMethodError': Method sun.misc.Unsafe.prefetchRead(Ljava/lang/Object;J)V name or signature does not match> (0x00000000eab07fa8) thrown at [C:\re\workspace\8-2-build-windows-amd64-cygwin\jdk8u91\6644\hotspot\src\share\vm\prims\jñ
Event: 2.639 Thread 0x00000000172e1000 Implicit null exception at 0x0000000002d0e312 to 0x0000000002d0e402
Event: 9.054 Thread 0x00000000172e1000 Exception <a 'java/lang/ArrayIndexOutOfBoundsException': 18> (0x00000000ec94ee80) thrown at [C:\re\workspace\8-2-build-windows-amd64-cygwin\jdk8u91\6644\hotspot\src\share\vm\interpreter\interpreterRuntime.cpp, line 366]
Event: 9.055 Thread 0x00000000172e1000 Exception <a 'java/lang/ArrayIndexOutOfBoundsException': 145> (0x00000000ec950a00) thrown at [C:\re\workspace\8-2-build-windows-amd64-cygwin\jdk8u91\6644\hotspot\src\share\vm\interpreter\interpreterRuntime.cpp, line 366]
Event: 9.055 Thread 0x00000000172e1000 Exception <a 'java/lang/ArrayIndexOutOfBoundsException': 40> (0x00000000ec951ce8) thrown at [C:\re\workspace\8-2-build-windows-amd64-cygwin\jdk8u91\6644\hotspot\src\share\vm\interpreter\interpreterRuntime.cpp, line 366]

Events (10 events):
Event: 11.749 Thread 0x00000000172e1000 DEOPT UNPACKING pc=0x0000000002a2747f sp=0x0000000017bde550 mode 0
Event: 11.769 Thread 0x00000000172e1000 DEOPT PACKING pc=0x0000000003127069 sp=0x0000000017bded30
Event: 11.769 Thread 0x00000000172e1000 DEOPT UNPACKING pc=0x0000000002a2747f sp=0x0000000017bdeb38 mode 0
Event: 11.772 Thread 0x00000000173b7000 DEOPT PACKING pc=0x0000000002eabc99 sp=0x000000001815ea40
Event: 11.772 Thread 0x00000000173b7000 DEOPT UNPACKING pc=0x0000000002a2747f sp=0x000000001815e880 mode 0
Event: 11.824 Thread 0x00000000022fe000 Uncommon trap: trap_request=0xffffff65 fr.pc=0x00000000031e3334
Event: 11.824 Thread 0x00000000022fe000 DEOPT PACKING pc=0x00000000031e3334 sp=0x000000000270eb70
Event: 11.824 Thread 0x00000000022fe000 DEOPT UNPACKING pc=0x0000000002a2582a sp=0x000000000270eb18 mode 2
Event: 11.936 Thread 0x00000000172e1000 DEOPT PACKING pc=0x0000000002eabb7d sp=0x0000000017bde7c0
Event: 11.936 Thread 0x00000000172e1000 DEOPT UNPACKING pc=0x0000000002a2747f sp=0x0000000017bde600 mode 0


Dynamic libraries:
0x000000013f100000 - 0x000000013f137000 	C:\Program Files\Java\jdk1.8.0_91\bin\java.exe
0x0000000077650000 - 0x00000000777f9000 	C:\Windows\SYSTEM32\ntdll.dll
0x0000000077530000 - 0x0000000077650000 	C:\Windows\system32\kernel32.dll
0x000007fefd530000 - 0x000007fefd59c000 	C:\Windows\system32\KERNELBASE.dll
0x000007fefe5a0000 - 0x000007fefe67b000 	C:\Windows\system32\ADVAPI32.dll
0x000007fefd9e0000 - 0x000007fefda7f000 	C:\Windows\system32\msvcrt.dll
0x000007feff830000 - 0x000007feff84f000 	C:\Windows\SYSTEM32\sechost.dll
0x000007fefe810000 - 0x000007fefe93d000 	C:\Windows\system32\RPCRT4.dll
0x0000000077430000 - 0x000000007752a000 	C:\Windows\system32\USER32.dll
0x000007fefd890000 - 0x000007fefd8f7000 	C:\Windows\system32\GDI32.dll
0x000007fefddc0000 - 0x000007fefddce000 	C:\Windows\system32\LPK.dll
0x000007feff890000 - 0x000007feff959000 	C:\Windows\system32\USP10.dll
0x000007fefba20000 - 0x000007fefbc14000 	C:\Windows\WinSxS\amd64_microsoft.windows.common-controls_6595b64144ccf1df_6.0.7601.18837_none_fa3b1e3d17594757\COMCTL32.dll
0x000007fefe040000 - 0x000007fefe0b1000 	C:\Windows\system32\SHLWAPI.dll
0x000007feff860000 - 0x000007feff88e000 	C:\Windows\system32\IMM32.DLL
0x000007fefdc60000 - 0x000007fefdd69000 	C:\Windows\system32\MSCTF.dll
0x0000000053450000 - 0x0000000053522000 	C:\Program Files\Java\jdk1.8.0_91\jre\bin\msvcr100.dll
0x0000000070260000 - 0x0000000070af3000 	C:\Program Files\Java\jdk1.8.0_91\jre\bin\server\jvm.dll
0x000007fefba10000 - 0x000007fefba19000 	C:\Windows\system32\WSOCK32.dll
0x000007fefdd70000 - 0x000007fefddbd000 	C:\Windows\system32\WS2_32.dll
0x000007feff850000 - 0x000007feff858000 	C:\Windows\system32\NSI.dll
0x000007fefa400000 - 0x000007fefa43b000 	C:\Windows\system32\WINMM.dll
0x000007fefc490000 - 0x000007fefc49c000 	C:\Windows\system32\VERSION.dll
0x0000000077810000 - 0x0000000077817000 	C:\Windows\system32\PSAPI.DLL
0x000000005c530000 - 0x000000005c53f000 	C:\Program Files\Java\jdk1.8.0_91\jre\bin\verify.dll
0x0000000055930000 - 0x0000000055959000 	C:\Program Files\Java\jdk1.8.0_91\jre\bin\java.dll
0x000000005b260000 - 0x000000005b276000 	C:\Program Files\Java\jdk1.8.0_91\jre\bin\zip.dll
0x000007fefeaa0000 - 0x000007feff829000 	C:\Windows\system32\SHELL32.dll
0x000007fefe0c0000 - 0x000007fefe2c3000 	C:\Windows\system32\ole32.dll
0x000007fefd400000 - 0x000007fefd40f000 	C:\Windows\system32\profapi.dll

VM Arguments:
jvm_args: -Djava.awt.headless=true -Xmx1024M -Dfile.encoding=windows-1252 -Duser.country=BR -Duser.language=pt -Duser.variant 
java_command: com.android.dx.command.Main --dex --force-jumbo --num-threads=4 --output C:\Users\Vitor\Documents\GitHub\nosso-chate-master\app\build\intermediates\pre-dexed\debug\jackson-databind-2.2.2_7db427247c3c879f54514bebcdcbb69ffb878ad4.jar C:\Users\Vitor\.gradle\caches\modules-2\files-2.1\com.fasterxml.jackson.core\jackson-databind\2.2.2\3c8f6018eaa72d43b261181e801e6f8676c16ef6\jackson-databind-2.2.2.jar
java_class_path (initial): C:\Users\Vitor\AppData\Local\Android\sdk\build-tools\23.0.2\lib\dx.jar
Launcher Type: SUN_STANDARD

Environment Variables:
PATH=C:\Program Files (x86)\NVIDIA Corporation\PhysX\Common;C:\ProgramData\Oracle\Java\javapath;C:\Windows\system32;C:\Windows;C:\Windows\System32\Wbem;C:\Windows\System32\WindowsPowerShell\v1.0\;C:\Program Files (x86)\GtkSharp\2.12\bin;C:\Program Files (x86)\Skype\Phone\;C:\Program Files (x86)\nodejs\;C:\Windows\system32\config\systemprofile\.dnx\bin;C:\Program Files\Microsoft DNX\Dnvm\;C:\Program Files\Microsoft SQL Server\130\Tools\Binn\;C:\Program Files (x86)\Windows Kits\10\Windows Performance Toolkit\;C:\Program Files\Git\cmd;C:\Users\Vitor\AppData\Roaming\npm
USERNAME=Vitor
OS=Windows_NT
PROCESSOR_IDENTIFIER=Intel64 Family 6 Model 37 Stepping 5, GenuineIntel



---------------  S Y S T E M  ---------------

OS: Windows 7 , 64 bit Build 7601 (6.1.7601.19018)

CPU:total 4 (2 cores per cpu, 2 threads per core) family 6 model 37 stepping 5, cmov, cx8, fxsr, mmx, sse, sse2, sse3, ssse3, sse4.1, sse4.2, popcnt, aes, clmul, ht, tsc, tscinvbit

Memory: 4k page, physical 8248440k(823192k free), swap 9170420k(9792k free)

vm_info: Java HotSpot(TM) 64-Bit Server VM (25.91-b14) for windows-amd64 JRE (1.8.0_91-b14), built on Apr  1 2016 00:58:32 by "java_re" with MS VC++ 10.0 (VS2010)

time: Wed Jun 01 17:08:02 2016
elapsed time: 12 seconds (0d 0h 0m 12s)

