#
# There is insufficient memory for the Java Runtime Environment to continue.
# Native memory allocation (malloc) failed to allocate 131088 bytes for Chunk::new
# Possible reasons:
#   The system is out of physical RAM or swap space
#   In 32 bit mode, the process size limit was hit
# Possible solutions:
#   Reduce memory load on the system
#   Increase physical memory or swap space
#   Check if swap backing store is full
#   Use 64 bit Java on a 64 bit OS
#   Decrease Java heap size (-Xmx/-Xms)
#   Decrease number of Java threads
#   Decrease Java thread stack sizes (-Xss)
#   Set larger code cache with -XX:ReservedCodeCacheSize=
# This output file may be truncated or incomplete.
#
#  Out of Memory Error (allocation.cpp:390), pid=12160, tid=6224
#
# JRE version: Java(TM) SE Runtime Environment (8.0_91-b14) (build 1.8.0_91-b14)
# Java VM: Java HotSpot(TM) 64-Bit Server VM (25.91-b14 mixed mode windows-amd64 compressed oops)
# Failed to write core dump. Minidumps are not enabled by default on client versions of Windows
#

---------------  T H R E A D  ---------------

Current thread (0x0000000015126800):  JavaThread "C2 CompilerThread0" daemon [_thread_in_native, id=6224, stack(0x00000000169b0000,0x0000000016ab0000)]

Stack: [0x00000000169b0000,0x0000000016ab0000]
[error occurred during error reporting (printing stack bounds), id 0xc0000005]

Native frames: (J=compiled Java code, j=interpreted, Vv=VM code, C=native code)


Current CompileTask:
C2:  23822 2024       4       com.android.dx.ssa.Dominators::run (506 bytes)


---------------  P R O C E S S  ---------------

Java Threads: ( => current thread )
  0x0000000017230800 JavaThread "pool-1-thread-4" [_thread_blocked, id=9600, stack(0x0000000017bc0000,0x0000000017cc0000)]
  0x00000000171e2000 JavaThread "pool-1-thread-3" [_thread_blocked, id=9236, stack(0x0000000017a80000,0x0000000017b80000)]
  0x00000000171d2800 JavaThread "pool-1-thread-2" [_thread_blocked, id=10644, stack(0x00000000178a0000,0x00000000179a0000)]
  0x0000000017095800 JavaThread "pool-2-thread-1" [_thread_blocked, id=8380, stack(0x00000000176a0000,0x00000000177a0000)]
  0x0000000017093800 JavaThread "pool-1-thread-1" [_thread_blocked, id=7984, stack(0x0000000016b40000,0x0000000016c40000)]
  0x0000000016fd0000 JavaThread "Service Thread" daemon [_thread_blocked, id=8088, stack(0x0000000017430000,0x0000000017530000)]
  0x000000001512c000 JavaThread "C1 CompilerThread2" daemon [_thread_blocked, id=6232, stack(0x0000000016e50000,0x0000000016f50000)]
  0x000000001512b000 JavaThread "C2 CompilerThread1" daemon [_thread_in_native, id=7132, stack(0x0000000016c60000,0x0000000016d60000)]
=>0x0000000015126800 JavaThread "C2 CompilerThread0" daemon [_thread_in_native, id=6224, stack(0x00000000169b0000,0x0000000016ab0000)]
  0x0000000015122000 JavaThread "Attach Listener" daemon [_thread_blocked, id=1416, stack(0x00000000167c0000,0x00000000168c0000)]
  0x0000000015121000 JavaThread "Signal Dispatcher" daemon [_thread_blocked, id=9252, stack(0x0000000016650000,0x0000000016750000)]
  0x0000000015109000 JavaThread "Finalizer" daemon [_thread_blocked, id=9844, stack(0x0000000016500000,0x0000000016600000)]
  0x00000000150c2000 JavaThread "Reference Handler" daemon [_thread_blocked, id=6896, stack(0x00000000163e0000,0x00000000164e0000)]
  0x00000000022be000 JavaThread "main" [_thread_blocked, id=11628, stack(0x0000000002420000,0x0000000002520000)]

Other Threads:
  0x00000000150ba800 VMThread [stack: 0x0000000016250000,0x0000000016350000] [id=11028]
  0x0000000016fd6800 WatcherThread [stack: 0x0000000017580000,0x0000000017680000] [id=11272]

VM state:not at safepoint (normal execution)

VM Mutex/Monitor currently owned by a thread: None

Heap:
 PSYoungGen      total 70656K, used 7309K [0x00000000eab00000, 0x00000000ef500000, 0x0000000100000000)
  eden space 65536K, 11% used [0x00000000eab00000,0x00000000eb2237c8,0x00000000eeb00000)
  from space 5120K, 0% used [0x00000000eeb00000,0x00000000eeb00000,0x00000000ef000000)
  to   space 5120K, 0% used [0x00000000ef000000,0x00000000ef000000,0x00000000ef500000)
 ParOldGen       total 98304K, used 37801K [0x00000000c0000000, 0x00000000c6000000, 0x00000000eab00000)
  object space 98304K, 38% used [0x00000000c0000000,0x00000000c24ea4e0,0x00000000c6000000)
 Metaspace       used 6033K, capacity 7088K, committed 7296K, reserved 1056768K
  class space    used 585K, capacity 616K, committed 640K, reserved 1048576K

Card table byte_map: [0x0000000011bb0000,0x0000000011dc0000] byte_map_base: 0x00000000115b0000

Marking Bits: (ParMarkBitMap*) 0x0000000070a72f70
 Begin Bits: [0x0000000012530000, 0x0000000013530000)
 End Bits:   [0x0000000013530000, 0x0000000014530000)

Polling page: 0x0000000000230000

CodeCache: size=245760Kb used=8304Kb max_used=8304Kb free=237455Kb
 bounds [0x00000000027f0000, 0x0000000003060000, 0x00000000117f0000]
 total_blobs=1971 nmethods=1709 adapters=175
 compilation: enabled

Compilation events (10 events):
Event: 23.811 Thread 0x000000001512c000 2020       3       com.android.dx.cf.direct.MemberListParser::setObserver (6 bytes)
Event: 23.811 Thread 0x000000001512c000 nmethod 2020 0x0000000002a63cd0 code [0x0000000002a63e20, 0x0000000002a63f90]
Event: 23.811 Thread 0x000000001512c000 2023       1       com.android.dx.cf.attrib.AttSourceFile::byteLength (3 bytes)
Event: 23.811 Thread 0x000000001512c000 nmethod 2023 0x0000000002b49410 code [0x0000000002b49560, 0x0000000002b49670]
Event: 23.811 Thread 0x000000001512c000 2021       1       com.android.dx.cf.direct.MethodListParser::getAttributeContext (2 bytes)
Event: 23.811 Thread 0x000000001512c000 nmethod 2021 0x0000000002b4aed0 code [0x0000000002b4b020, 0x0000000002b4b130]
Event: 23.817 Thread 0x000000001512c000 2034       3       com.android.dx.command.dexer.Main::access$1400 (4 bytes)
Event: 23.818 Thread 0x000000001512c000 nmethod 2034 0x0000000002fa6550 code [0x0000000002fa66a0, 0x0000000002fa67f0]
Event: 23.818 Thread 0x000000001512c000 2035       3       java.util.concurrent.locks.AbstractQueuedSynchronizer::setState (6 bytes)
Event: 23.818 Thread 0x000000001512c000 nmethod 2035 0x0000000002ad1950 code [0x0000000002ad1aa0, 0x0000000002ad1bf0]

GC Heap History (10 events):
Event: 9.277 GC heap before
{Heap before GC invocations=4 (full 0):
 PSYoungGen      total 37888K, used 37869K [0x00000000eab00000, 0x00000000ef500000, 0x0000000100000000)
  eden space 32768K, 100% used [0x00000000eab00000,0x00000000ecb00000,0x00000000ecb00000)
  from space 5120K, 99% used [0x00000000ecb00000,0x00000000ecffb538,0x00000000ed000000)
  to   space 5120K, 0% used [0x00000000ef000000,0x00000000ef000000,0x00000000ef500000)
 ParOldGen       total 86016K, used 22577K [0x00000000c0000000, 0x00000000c5400000, 0x00000000eab00000)
  object space 86016K, 26% used [0x00000000c0000000,0x00000000c160c5b0,0x00000000c5400000)
 Metaspace       used 5878K, capacity 6960K, committed 7040K, reserved 1056768K
  class space    used 583K, capacity 616K, committed 640K, reserved 1048576K
Event: 11.071 GC heap after
Heap after GC invocations=4 (full 0):
 PSYoungGen      total 70656K, used 5109K [0x00000000eab00000, 0x00000000ef500000, 0x0000000100000000)
  eden space 65536K, 0% used [0x00000000eab00000,0x00000000eab00000,0x00000000eeb00000)
  from space 5120K, 99% used [0x00000000ef000000,0x00000000ef4fd438,0x00000000ef500000)
  to   space 5120K, 0% used [0x00000000eeb00000,0x00000000eeb00000,0x00000000ef000000)
 ParOldGen       total 86016K, used 33342K [0x00000000c0000000, 0x00000000c5400000, 0x00000000eab00000)
  object space 86016K, 38% used [0x00000000c0000000,0x00000000c208f8b0,0x00000000c5400000)
 Metaspace       used 5878K, capacity 6960K, committed 7040K, reserved 1056768K
  class space    used 583K, capacity 616K, committed 640K, reserved 1048576K
}
Event: 11.975 GC heap before
{Heap before GC invocations=5 (full 0):
 PSYoungGen      total 70656K, used 70645K [0x00000000eab00000, 0x00000000ef500000, 0x0000000100000000)
  eden space 65536K, 100% used [0x00000000eab00000,0x00000000eeb00000,0x00000000eeb00000)
  from space 5120K, 99% used [0x00000000ef000000,0x00000000ef4fd438,0x00000000ef500000)
  to   space 5120K, 0% used [0x00000000eeb00000,0x00000000eeb00000,0x00000000ef000000)
 ParOldGen       total 86016K, used 33342K [0x00000000c0000000, 0x00000000c5400000, 0x00000000eab00000)
  object space 86016K, 38% used [0x00000000c0000000,0x00000000c208f8b0,0x00000000c5400000)
 Metaspace       used 5994K, capacity 7088K, committed 7296K, reserved 1056768K
  class space    used 585K, capacity 616K, committed 640K, reserved 1048576K
Event: 13.234 GC heap after
Heap after GC invocations=5 (full 0):
 PSYoungGen      total 70656K, used 5092K [0x00000000eab00000, 0x00000000ef500000, 0x0000000100000000)
  eden space 65536K, 0% used [0x00000000eab00000,0x00000000eab00000,0x00000000eeb00000)
  from space 5120K, 99% used [0x00000000eeb00000,0x00000000eeff93c8,0x00000000ef000000)
  to   space 5120K, 0% used [0x00000000ef000000,0x00000000ef000000,0x00000000ef500000)
 ParOldGen       total 86016K, used 47245K [0x00000000c0000000, 0x00000000c5400000, 0x00000000eab00000)
  object space 86016K, 54% used [0x00000000c0000000,0x00000000c2e23510,0x00000000c5400000)
 Metaspace       used 5994K, capacity 7088K, committed 7296K, reserved 1056768K
  class space    used 585K, capacity 616K, committed 640K, reserved 1048576K
}
Event: 15.014 GC heap before
{Heap before GC invocations=6 (full 0):
 PSYoungGen      total 70656K, used 70628K [0x00000000eab00000, 0x00000000ef500000, 0x0000000100000000)
  eden space 65536K, 100% used [0x00000000eab00000,0x00000000eeb00000,0x00000000eeb00000)
  from space 5120K, 99% used [0x00000000eeb00000,0x00000000eeff93c8,0x00000000ef000000)
  to   space 5120K, 0% used [0x00000000ef000000,0x00000000ef000000,0x00000000ef500000)
 ParOldGen       total 86016K, used 47245K [0x00000000c0000000, 0x00000000c5400000, 0x00000000eab00000)
  object space 86016K, 54% used [0x00000000c0000000,0x00000000c2e23510,0x00000000c5400000)
 Metaspace       used 6006K, capacity 7088K, committed 7296K, reserved 1056768K
  class space    used 585K, capacity 616K, committed 640K, reserved 1048576K
Event: 16.123 GC heap after
Heap after GC invocations=6 (full 0):
 PSYoungGen      total 70656K, used 5096K [0x00000000eab00000, 0x00000000ef500000, 0x0000000100000000)
  eden space 65536K, 0% used [0x00000000eab00000,0x00000000eab00000,0x00000000eeb00000)
  from space 5120K, 99% used [0x00000000ef000000,0x00000000ef4fa198,0x00000000ef500000)
  to   space 5120K, 0% used [0x00000000eeb00000,0x00000000eeb00000,0x00000000ef000000)
 ParOldGen       total 86016K, used 56028K [0x00000000c0000000, 0x00000000c5400000, 0x00000000eab00000)
  object space 86016K, 65% used [0x00000000c0000000,0x00000000c36b7318,0x00000000c5400000)
 Metaspace       used 6006K, capacity 7088K, committed 7296K, reserved 1056768K
  class space    used 585K, capacity 616K, committed 640K, reserved 1048576K
}
Event: 19.116 GC heap before
{Heap before GC invocations=7 (full 0):
 PSYoungGen      total 70656K, used 70632K [0x00000000eab00000, 0x00000000ef500000, 0x0000000100000000)
  eden space 65536K, 100% used [0x00000000eab00000,0x00000000eeb00000,0x00000000eeb00000)
  from space 5120K, 99% used [0x00000000ef000000,0x00000000ef4fa198,0x00000000ef500000)
  to   space 5120K, 0% used [0x00000000eeb00000,0x00000000eeb00000,0x00000000ef000000)
 ParOldGen       total 86016K, used 56028K [0x00000000c0000000, 0x00000000c5400000, 0x00000000eab00000)
  object space 86016K, 65% used [0x00000000c0000000,0x00000000c36b7318,0x00000000c5400000)
 Metaspace       used 6027K, capacity 7088K, committed 7296K, reserved 1056768K
  class space    used 585K, capacity 616K, committed 640K, reserved 1048576K
Event: 19.343 GC heap after
Heap after GC invocations=7 (full 0):
 PSYoungGen      total 70656K, used 5094K [0x00000000eab00000, 0x00000000ef500000, 0x0000000100000000)
  eden space 65536K, 0% used [0x00000000eab00000,0x00000000eab00000,0x00000000eeb00000)
  from space 5120K, 99% used [0x00000000eeb00000,0x00000000eeff9bb8,0x00000000ef000000)
  to   space 5120K, 0% used [0x00000000ef000000,0x00000000ef000000,0x00000000ef500000)
 ParOldGen       total 86016K, used 70183K [0x00000000c0000000, 0x00000000c5400000, 0x00000000eab00000)
  object space 86016K, 81% used [0x00000000c0000000,0x00000000c4489d38,0x00000000c5400000)
 Metaspace       used 6027K, capacity 7088K, committed 7296K, reserved 1056768K
  class space    used 585K, capacity 616K, committed 640K, reserved 1048576K
}
Event: 19.343 GC heap before
{Heap before GC invocations=8 (full 1):
 PSYoungGen      total 70656K, used 5094K [0x00000000eab00000, 0x00000000ef500000, 0x0000000100000000)
  eden space 65536K, 0% used [0x00000000eab00000,0x00000000eab00000,0x00000000eeb00000)
  from space 5120K, 99% used [0x00000000eeb00000,0x00000000eeff9bb8,0x00000000ef000000)
  to   space 5120K, 0% used [0x00000000ef000000,0x00000000ef000000,0x00000000ef500000)
 ParOldGen       total 86016K, used 70183K [0x00000000c0000000, 0x00000000c5400000, 0x00000000eab00000)
  object space 86016K, 81% used [0x00000000c0000000,0x00000000c4489d38,0x00000000c5400000)
 Metaspace       used 6027K, capacity 7088K, committed 7296K, reserved 1056768K
  class space    used 585K, capacity 616K, committed 640K, reserved 1048576K
Event: 22.348 GC heap after
Heap after GC invocations=8 (full 1):
 PSYoungGen      total 70656K, used 0K [0x00000000eab00000, 0x00000000ef500000, 0x0000000100000000)
  eden space 65536K, 0% used [0x00000000eab00000,0x00000000eab00000,0x00000000eeb00000)
  from space 5120K, 0% used [0x00000000eeb00000,0x00000000eeb00000,0x00000000ef000000)
  to   space 5120K, 0% used [0x00000000ef000000,0x00000000ef000000,0x00000000ef500000)
 ParOldGen       total 98304K, used 37801K [0x00000000c0000000, 0x00000000c6000000, 0x00000000eab00000)
  object space 98304K, 38% used [0x00000000c0000000,0x00000000c24ea4e0,0x00000000c6000000)
 Metaspace       used 6027K, capacity 7088K, committed 7296K, reserved 1056768K
  class space    used 585K, capacity 616K, committed 640K, reserved 1048576K
}

Deoptimization events (10 events):
Event: 11.521 Thread 0x00000000022be000 Uncommon trap: reason=class_check action=maybe_recompile pc=0x0000000002da6c60 method=com.android.dx.cf.code.BytecodeArray.parseInstruction(ILcom/android/dx/cf/code/BytecodeArray$Visitor;)I @ 1477
Event: 11.554 Thread 0x00000000022be000 Uncommon trap: reason=class_check action=maybe_recompile pc=0x0000000002e357d0 method=com.android.dx.cf.code.RopperMachine.run(Lcom/android/dx/cf/code/Frame;II)V @ 978
Event: 11.554 Thread 0x00000000022be000 Uncommon trap: reason=class_check action=maybe_recompile pc=0x0000000002e357d0 method=com.android.dx.cf.code.RopperMachine.run(Lcom/android/dx/cf/code/Frame;II)V @ 978
Event: 11.554 Thread 0x00000000022be000 Uncommon trap: reason=class_check action=maybe_recompile pc=0x0000000002e357d0 method=com.android.dx.cf.code.RopperMachine.run(Lcom/android/dx/cf/code/Frame;II)V @ 978
Event: 11.555 Thread 0x00000000022be000 Uncommon trap: reason=unstable_if action=reinterpret pc=0x0000000002d151a8 method=com.android.dx.ssa.LocalVariableExtractor.processBlock(I)V @ 77
Event: 11.555 Thread 0x00000000022be000 Uncommon trap: reason=class_check action=maybe_recompile pc=0x0000000002dca490 method=com.android.dx.ssa.SsaMethod.isRegALocal(Lcom/android/dx/rop/code/RegisterSpec;)Z @ 16
Event: 11.555 Thread 0x00000000022be000 Uncommon trap: reason=class_check action=maybe_recompile pc=0x0000000002dca490 method=com.android.dx.ssa.SsaMethod.isRegALocal(Lcom/android/dx/rop/code/RegisterSpec;)Z @ 16
Event: 11.556 Thread 0x00000000022be000 Uncommon trap: reason=unstable_if action=reinterpret pc=0x0000000002cfab10 method=com.android.dx.ssa.SCCP.simulateStmt(Lcom/android/dx/ssa/SsaInsn;)V @ 469
Event: 11.556 Thread 0x00000000022be000 Uncommon trap: reason=class_check action=maybe_recompile pc=0x0000000002dca490 method=com.android.dx.ssa.SsaMethod.isRegALocal(Lcom/android/dx/rop/code/RegisterSpec;)Z @ 16
Event: 11.556 Thread 0x00000000022be000 Uncommon trap: reason=class_check action=maybe_recompile pc=0x0000000002dca490 method=com.android.dx.ssa.SsaMethod.isRegALocal(Lcom/android/dx/rop/code/RegisterSpec;)Z @ 16

Internal exceptions (3 events):
Event: 0.152 Thread 0x00000000022be000 Exception <a 'java/lang/NoSuchMethodError': Method sun.misc.Unsafe.defineClass(Ljava/lang/String;[BII)Ljava/lang/Class; name or signature does not match> (0x00000000eab07cc0) thrown at [C:\re\workspace\8-2-build-windows-amd64-cygwin\jdk8u91\6644\hotspot\sr¶v°ý
Event: 0.152 Thread 0x00000000022be000 Exception <a 'java/lang/NoSuchMethodError': Method sun.misc.Unsafe.prefetchRead(Ljava/lang/Object;J)V name or signature does not match> (0x00000000eab07fa8) thrown at [C:\re\workspace\8-2-build-windows-amd64-cygwin\jdk8u91\6644\hotspot\src\share\vm\prims\jG±ÌòË@
Event: 6.199 Thread 0x0000000017230800 Implicit null exception at 0x0000000002cf5dd4 to 0x0000000002cf68e1

Events (10 events):
Event: 22.843 Executing VM operation: RevokeBias
Event: 22.843 Executing VM operation: RevokeBias done
Event: 22.876 Executing VM operation: RevokeBias
Event: 22.876 Executing VM operation: RevokeBias done
Event: 22.909 Executing VM operation: RevokeBias
Event: 22.909 Executing VM operation: RevokeBias done
Event: 22.942 Executing VM operation: RevokeBias
Event: 22.942 Executing VM operation: RevokeBias done
Event: 22.955 Executing VM operation: BulkRevokeBias
Event: 22.955 Executing VM operation: BulkRevokeBias done


Dynamic libraries:
0x000000013f100000 - 0x000000013f137000 	C:\Program Files\Java\jdk1.8.0_91\bin\java.exe
0x0000000077650000 - 0x00000000777f9000 	C:\Windows\SYSTEM32\ntdll.dll
0x0000000077530000 - 0x0000000077650000 	C:\Windows\system32\kernel32.dll
0x000007fefd530000 - 0x000007fefd59c000 	C:\Windows\system32\KERNELBASE.dll
0x000007fefe5a0000 - 0x000007fefe67b000 	C:\Windows\system32\ADVAPI32.dll
0x000007fefd9e0000 - 0x000007fefda7f000 	C:\Windows\system32\msvcrt.dll
0x000007feff830000 - 0x000007feff84f000 	C:\Windows\SYSTEM32\sechost.dll
0x000007fefe810000 - 0x000007fefe93d000 	C:\Windows\system32\RPCRT4.dll
0x0000000077430000 - 0x000000007752a000 	C:\Windows\system32\USER32.dll
0x000007fefd890000 - 0x000007fefd8f7000 	C:\Windows\system32\GDI32.dll
0x000007fefddc0000 - 0x000007fefddce000 	C:\Windows\system32\LPK.dll
0x000007feff890000 - 0x000007feff959000 	C:\Windows\system32\USP10.dll
0x000007fefba20000 - 0x000007fefbc14000 	C:\Windows\WinSxS\amd64_microsoft.windows.common-controls_6595b64144ccf1df_6.0.7601.18837_none_fa3b1e3d17594757\COMCTL32.dll
0x000007fefe040000 - 0x000007fefe0b1000 	C:\Windows\system32\SHLWAPI.dll
0x000007feff860000 - 0x000007feff88e000 	C:\Windows\system32\IMM32.DLL
0x000007fefdc60000 - 0x000007fefdd69000 	C:\Windows\system32\MSCTF.dll
0x0000000053450000 - 0x0000000053522000 	C:\Program Files\Java\jdk1.8.0_91\jre\bin\msvcr100.dll
0x0000000070260000 - 0x0000000070af3000 	C:\Program Files\Java\jdk1.8.0_91\jre\bin\server\jvm.dll
0x000007fefba10000 - 0x000007fefba19000 	C:\Windows\system32\WSOCK32.dll
0x000007fefdd70000 - 0x000007fefddbd000 	C:\Windows\system32\WS2_32.dll
0x000007feff850000 - 0x000007feff858000 	C:\Windows\system32\NSI.dll
0x000007fefa400000 - 0x000007fefa43b000 	C:\Windows\system32\WINMM.dll
0x000007fefc490000 - 0x000007fefc49c000 	C:\Windows\system32\VERSION.dll
0x0000000077810000 - 0x0000000077817000 	C:\Windows\system32\PSAPI.DLL
0x000000005c530000 - 0x000000005c53f000 	C:\Program Files\Java\jdk1.8.0_91\jre\bin\verify.dll
0x0000000055930000 - 0x0000000055959000 	C:\Program Files\Java\jdk1.8.0_91\jre\bin\java.dll
0x000000005b260000 - 0x000000005b276000 	C:\Program Files\Java\jdk1.8.0_91\jre\bin\zip.dll
0x000007fefeaa0000 - 0x000007feff829000 	C:\Windows\system32\SHELL32.dll
0x000007fefe0c0000 - 0x000007fefe2c3000 	C:\Windows\system32\ole32.dll
0x000007fefd400000 - 0x000007fefd40f000 	C:\Windows\system32\profapi.dll

VM Arguments:
jvm_args: -Djava.awt.headless=true -Xmx1024M -Dfile.encoding=windows-1252 -Duser.country=BR -Duser.language=pt -Duser.variant 
java_command: com.android.dx.command.Main --dex --force-jumbo --num-threads=4 --output C:\Users\Vitor\Documents\GitHub\nosso-chate-master\app\build\intermediates\pre-dexed\debug\main_33284659eb78da341e8013be719bb76f3b4cdfdd.jar C:\Users\Vitor\Documents\GitHub\nosso-chate-master\app\build\intermediates\transforms\instantRun\debug\folders\1\5\main
java_class_path (initial): C:\Users\Vitor\AppData\Local\Android\sdk\build-tools\23.0.2\lib\dx.jar
Launcher Type: SUN_STANDARD

Environment Variables:
PATH=C:\Program Files (x86)\NVIDIA Corporation\PhysX\Common;C:\ProgramData\Oracle\Java\javapath;C:\Windows\system32;C:\Windows;C:\Windows\System32\Wbem;C:\Windows\System32\WindowsPowerShell\v1.0\;C:\Program Files (x86)\GtkSharp\2.12\bin;C:\Program Files (x86)\Skype\Phone\;C:\Program Files (x86)\nodejs\;C:\Windows\system32\config\systemprofile\.dnx\bin;C:\Program Files\Microsoft DNX\Dnvm\;C:\Program Files\Microsoft SQL Server\130\Tools\Binn\;C:\Program Files (x86)\Windows Kits\10\Windows Performance Toolkit\;C:\Program Files\Git\cmd;C:\Users\Vitor\AppData\Roaming\npm
USERNAME=Vitor
OS=Windows_NT
PROCESSOR_IDENTIFIER=Intel64 Family 6 Model 37 Stepping 5, GenuineIntel



---------------  S Y S T E M  ---------------

OS: Windows 7 , 64 bit Build 7601 (6.1.7601.19018)

CPU:total 4 (2 cores per cpu, 2 threads per core) family 6 model 37 stepping 5, cmov, cx8, fxsr, mmx, sse, sse2, sse3, ssse3, sse4.1, sse4.2, popcnt, aes, clmul, ht, tsc, tscinvbit

Memory: 4k page, physical 8248440k(840140k free), swap 9170420k(4616k free)

vm_info: Java HotSpot(TM) 64-Bit Server VM (25.91-b14) for windows-amd64 JRE (1.8.0_91-b14), built on Apr  1 2016 00:58:32 by "java_re" with MS VC++ 10.0 (VS2010)

time: Wed Jun 01 17:08:27 2016
elapsed time: 23 seconds (0d 0h 0m 23s)

