#
# There is insufficient memory for the Java Runtime Environment to continue.
# Native memory allocation (malloc) failed to allocate 1577936 bytes for Chunk::new
# Possible reasons:
#   The system is out of physical RAM or swap space
#   In 32 bit mode, the process size limit was hit
# Possible solutions:
#   Reduce memory load on the system
#   Increase physical memory or swap space
#   Check if swap backing store is full
#   Use 64 bit Java on a 64 bit OS
#   Decrease Java heap size (-Xmx/-Xms)
#   Decrease number of Java threads
#   Decrease Java thread stack sizes (-Xss)
#   Set larger code cache with -XX:ReservedCodeCacheSize=
# This output file may be truncated or incomplete.
#
#  Out of Memory Error (allocation.cpp:390), pid=8632, tid=6368
#
# JRE version: Java(TM) SE Runtime Environment (8.0_91-b14) (build 1.8.0_91-b14)
# Java VM: Java HotSpot(TM) 64-Bit Server VM (25.91-b14 mixed mode windows-amd64 compressed oops)
# Failed to write core dump. Minidumps are not enabled by default on client versions of Windows
#

---------------  T H R E A D  ---------------

Current thread (0x0000000014fc6800):  JavaThread "C2 CompilerThread0" daemon [_thread_in_native, id=6368, stack(0x00000000169c0000,0x0000000016ac0000)]

Stack: [0x00000000169c0000,0x0000000016ac0000]
[error occurred during error reporting (printing stack bounds), id 0xc0000005]

Native frames: (J=compiled Java code, j=interpreted, Vv=VM code, C=native code)


Current CompileTask:
C2:  10226 1852       4       com.android.dx.cf.code.Simulator$SimVisitor::visitNoArgs (2108 bytes)


---------------  P R O C E S S  ---------------

Java Threads: ( => current thread )
  0x0000000016eef800 JavaThread "pool-1-thread-4" [_thread_in_Java, id=6344, stack(0x0000000017880000,0x0000000017980000)]
  0x0000000016ea2000 JavaThread "pool-1-thread-3" [_thread_in_Java, id=9352, stack(0x0000000017770000,0x0000000017870000)]
  0x0000000016e9a000 JavaThread "pool-1-thread-2" [_thread_in_Java, id=8776, stack(0x0000000017430000,0x0000000017530000)]
  0x0000000016d8b800 JavaThread "pool-2-thread-1" [_thread_blocked, id=9004, stack(0x0000000017560000,0x0000000017660000)]
  0x0000000016d93000 JavaThread "pool-1-thread-1" [_thread_blocked, id=7616, stack(0x0000000017080000,0x0000000017180000)]
  0x0000000016cc4000 JavaThread "Service Thread" daemon [_thread_blocked, id=6808, stack(0x00000000171d0000,0x00000000172d0000)]
  0x0000000016c40800 JavaThread "C1 CompilerThread2" daemon [_thread_blocked, id=8784, stack(0x0000000016890000,0x0000000016990000)]
  0x0000000014fcb000 JavaThread "C2 CompilerThread1" daemon [_thread_in_native, id=10520, stack(0x0000000016b40000,0x0000000016c40000)]
=>0x0000000014fc6800 JavaThread "C2 CompilerThread0" daemon [_thread_in_native, id=6368, stack(0x00000000169c0000,0x0000000016ac0000)]
  0x0000000014fc2000 JavaThread "Attach Listener" daemon [_thread_blocked, id=9660, stack(0x0000000016750000,0x0000000016850000)]
  0x0000000014fc1000 JavaThread "Signal Dispatcher" daemon [_thread_blocked, id=5008, stack(0x0000000016510000,0x0000000016610000)]
  0x0000000014fa9000 JavaThread "Finalizer" daemon [_thread_blocked, id=6028, stack(0x0000000015ff0000,0x00000000160f0000)]
  0x0000000014f62000 JavaThread "Reference Handler" daemon [_thread_blocked, id=8492, stack(0x0000000016320000,0x0000000016420000)]
  0x000000000210e000 JavaThread "main" [_thread_in_native, id=7812, stack(0x0000000002390000,0x0000000002490000)]

Other Threads:
  0x0000000014f5a800 VMThread [stack: 0x0000000016130000,0x0000000016230000] [id=9024]
  0x0000000016ccb800 WatcherThread [stack: 0x0000000017330000,0x0000000017430000] [id=10848]

VM state:not at safepoint (normal execution)

VM Mutex/Monitor currently owned by a thread: None

Heap:
 PSYoungGen      total 70656K, used 62240K [0x00000000eab00000, 0x00000000ef500000, 0x0000000100000000)
  eden space 65536K, 87% used [0x00000000eab00000,0x00000000ee2ccdf0,0x00000000eeb00000)
  from space 5120K, 99% used [0x00000000eeb00000,0x00000000eeffb3d0,0x00000000ef000000)
  to   space 5120K, 0% used [0x00000000ef000000,0x00000000ef000000,0x00000000ef500000)
 ParOldGen       total 86016K, used 34013K [0x00000000c0000000, 0x00000000c5400000, 0x00000000eab00000)
  object space 86016K, 39% used [0x00000000c0000000,0x00000000c21376c8,0x00000000c5400000)
 Metaspace       used 5939K, capacity 7024K, committed 7296K, reserved 1056768K
  class space    used 585K, capacity 616K, committed 640K, reserved 1048576K

Card table byte_map: [0x0000000011b20000,0x0000000011d30000] byte_map_base: 0x0000000011520000

Marking Bits: (ParMarkBitMap*) 0x0000000070a72f70
 Begin Bits: [0x00000000123d0000, 0x00000000133d0000)
 End Bits:   [0x00000000133d0000, 0x00000000143d0000)

Polling page: 0x0000000000240000

CodeCache: size=245760Kb used=7959Kb max_used=7970Kb free=237800Kb
 bounds [0x0000000002760000, 0x0000000002f40000, 0x0000000011760000]
 total_blobs=1978 nmethods=1717 adapters=175
 compilation: enabled

Compilation events (10 events):
Event: 10.110 Thread 0x0000000014fc6800 nmethod 1847 0x0000000002efd610 code [0x0000000002efd760, 0x0000000002efd9f8]
Event: 10.111 Thread 0x0000000014fc6800 1848       4       com.android.dx.cf.code.Merger::isPossiblyAssignableFrom (202 bytes)
Event: 10.120 Thread 0x0000000014fc6800 nmethod 1848 0x0000000002f2fb10 code [0x0000000002f2fce0, 0x0000000002f30310]
Event: 10.121 Thread 0x0000000014fc6800 1849       4       com.android.dx.rop.type.Prototype::getParameterFrameTypes (96 bytes)
Event: 10.128 Thread 0x0000000014fc6800 nmethod 1849 0x0000000002f29810 code [0x0000000002f29980, 0x0000000002f29cb8]
Event: 10.163 Thread 0x0000000014fc6800 1850       4       com.android.dx.cf.code.Frame::<init> (52 bytes)
Event: 10.165 Thread 0x0000000014fc6800 nmethod 1850 0x0000000002f22690 code [0x0000000002f227e0, 0x0000000002f228d8]
Event: 10.176 Thread 0x0000000014fc6800 1851       4       com.android.dx.rop.cst.CstLiteral32::equals (35 bytes)
Event: 10.177 Thread 0x0000000014fc6800 nmethod 1851 0x0000000002ee9dd0 code [0x0000000002ee9f20, 0x0000000002ee9fb8]
Event: 10.177 Thread 0x0000000014fc6800 1852       4       com.android.dx.cf.code.Simulator$SimVisitor::visitNoArgs (2108 bytes)

GC Heap History (6 events):
Event: 2.509 GC heap before
{Heap before GC invocations=1 (full 0):
 PSYoungGen      total 37888K, used 32768K [0x00000000eab00000, 0x00000000ed500000, 0x0000000100000000)
  eden space 32768K, 100% used [0x00000000eab00000,0x00000000ecb00000,0x00000000ecb00000)
  from space 5120K, 0% used [0x00000000ed000000,0x00000000ed000000,0x00000000ed500000)
  to   space 5120K, 0% used [0x00000000ecb00000,0x00000000ecb00000,0x00000000ed000000)
 ParOldGen       total 86016K, used 0K [0x00000000c0000000, 0x00000000c5400000, 0x00000000eab00000)
  object space 86016K, 0% used [0x00000000c0000000,0x00000000c0000000,0x00000000c5400000)
 Metaspace       used 5663K, capacity 6832K, committed 7040K, reserved 1056768K
  class space    used 576K, capacity 616K, committed 640K, reserved 1048576K
Event: 2.649 GC heap after
Heap after GC invocations=1 (full 0):
 PSYoungGen      total 37888K, used 5095K [0x00000000eab00000, 0x00000000ef500000, 0x0000000100000000)
  eden space 32768K, 0% used [0x00000000eab00000,0x00000000eab00000,0x00000000ecb00000)
  from space 5120K, 99% used [0x00000000ecb00000,0x00000000ecff9ca0,0x00000000ed000000)
  to   space 5120K, 0% used [0x00000000ef000000,0x00000000ef000000,0x00000000ef500000)
 ParOldGen       total 86016K, used 1631K [0x00000000c0000000, 0x00000000c5400000, 0x00000000eab00000)
  object space 86016K, 1% used [0x00000000c0000000,0x00000000c0197d88,0x00000000c5400000)
 Metaspace       used 5663K, capacity 6832K, committed 7040K, reserved 1056768K
  class space    used 576K, capacity 616K, committed 640K, reserved 1048576K
}
Event: 4.028 GC heap before
{Heap before GC invocations=2 (full 0):
 PSYoungGen      total 37888K, used 37863K [0x00000000eab00000, 0x00000000ef500000, 0x0000000100000000)
  eden space 32768K, 100% used [0x00000000eab00000,0x00000000ecb00000,0x00000000ecb00000)
  from space 5120K, 99% used [0x00000000ecb00000,0x00000000ecff9ca0,0x00000000ed000000)
  to   space 5120K, 0% used [0x00000000ef000000,0x00000000ef000000,0x00000000ef500000)
 ParOldGen       total 86016K, used 1631K [0x00000000c0000000, 0x00000000c5400000, 0x00000000eab00000)
  object space 86016K, 1% used [0x00000000c0000000,0x00000000c0197d88,0x00000000c5400000)
 Metaspace       used 5814K, capacity 6896K, committed 7040K, reserved 1056768K
  class space    used 580K, capacity 616K, committed 640K, reserved 1048576K
Event: 4.528 GC heap after
Heap after GC invocations=2 (full 0):
 PSYoungGen      total 70656K, used 5107K [0x00000000eab00000, 0x00000000ef500000, 0x0000000100000000)
  eden space 65536K, 0% used [0x00000000eab00000,0x00000000eab00000,0x00000000eeb00000)
  from space 5120K, 99% used [0x00000000ef000000,0x00000000ef4fcd38,0x00000000ef500000)
  to   space 5120K, 0% used [0x00000000eeb00000,0x00000000eeb00000,0x00000000ef000000)
 ParOldGen       total 86016K, used 12591K [0x00000000c0000000, 0x00000000c5400000, 0x00000000eab00000)
  object space 86016K, 14% used [0x00000000c0000000,0x00000000c0c4bd40,0x00000000c5400000)
 Metaspace       used 5814K, capacity 6896K, committed 7040K, reserved 1056768K
  class space    used 580K, capacity 616K, committed 640K, reserved 1048576K
}
Event: 7.503 GC heap before
{Heap before GC invocations=3 (full 0):
 PSYoungGen      total 70656K, used 70643K [0x00000000eab00000, 0x00000000ef500000, 0x0000000100000000)
  eden space 65536K, 100% used [0x00000000eab00000,0x00000000eeb00000,0x00000000eeb00000)
  from space 5120K, 99% used [0x00000000ef000000,0x00000000ef4fcd38,0x00000000ef500000)
  to   space 5120K, 0% used [0x00000000eeb00000,0x00000000eeb00000,0x00000000ef000000)
 ParOldGen       total 86016K, used 12591K [0x00000000c0000000, 0x00000000c5400000, 0x00000000eab00000)
  object space 86016K, 14% used [0x00000000c0000000,0x00000000c0c4bd40,0x00000000c5400000)
 Metaspace       used 5887K, capacity 6960K, committed 7040K, reserved 1056768K
  class space    used 583K, capacity 616K, committed 640K, reserved 1048576K
Event: 8.203 GC heap after
Heap after GC invocations=3 (full 0):
 PSYoungGen      total 70656K, used 5100K [0x00000000eab00000, 0x00000000ef500000, 0x0000000100000000)
  eden space 65536K, 0% used [0x00000000eab00000,0x00000000eab00000,0x00000000eeb00000)
  from space 5120K, 99% used [0x00000000eeb00000,0x00000000eeffb3d0,0x00000000ef000000)
  to   space 5120K, 0% used [0x00000000ef000000,0x00000000ef000000,0x00000000ef500000)
 ParOldGen       total 86016K, used 34013K [0x00000000c0000000, 0x00000000c5400000, 0x00000000eab00000)
  object space 86016K, 39% used [0x00000000c0000000,0x00000000c21376c8,0x00000000c5400000)
 Metaspace       used 5887K, capacity 6960K, committed 7040K, reserved 1056768K
  class space    used 583K, capacity 616K, committed 640K, reserved 1048576K
}

Deoptimization events (10 events):
Event: 9.281 Thread 0x000000000210e000 Uncommon trap: reason=class_check action=maybe_recompile pc=0x0000000002e4e794 method=com.android.dx.cf.code.RopperMachine.run(Lcom/android/dx/cf/code/Frame;II)V @ 978
Event: 9.282 Thread 0x000000000210e000 Uncommon trap: reason=class_check action=maybe_recompile pc=0x0000000002ecbdf0 method=com.android.dx.ssa.SsaMethod.isRegALocal(Lcom/android/dx/rop/code/RegisterSpec;)Z @ 16
Event: 9.282 Thread 0x000000000210e000 Uncommon trap: reason=class_check action=maybe_recompile pc=0x0000000002ecbdf0 method=com.android.dx.ssa.SsaMethod.isRegALocal(Lcom/android/dx/rop/code/RegisterSpec;)Z @ 16
Event: 9.282 Thread 0x000000000210e000 Uncommon trap: reason=unstable_if action=reinterpret pc=0x0000000002de6fd0 method=com.android.dx.ssa.SCCP.simulateStmt(Lcom/android/dx/ssa/SsaInsn;)V @ 469
Event: 9.283 Thread 0x000000000210e000 Uncommon trap: reason=class_check action=maybe_recompile pc=0x0000000002ecbdf0 method=com.android.dx.ssa.SsaMethod.isRegALocal(Lcom/android/dx/rop/code/RegisterSpec;)Z @ 16
Event: 9.283 Thread 0x000000000210e000 Uncommon trap: reason=class_check action=maybe_recompile pc=0x0000000002ecbdf0 method=com.android.dx.ssa.SsaMethod.isRegALocal(Lcom/android/dx/rop/code/RegisterSpec;)Z @ 16
Event: 9.283 Thread 0x000000000210e000 Uncommon trap: reason=unstable_if action=reinterpret pc=0x0000000002ed0ebc method=com.android.dx.ssa.DeadCodeRemover.isCircularNoSideEffect(ILjava/util/BitSet;)Z @ 9
Event: 9.283 Thread 0x000000000210e000 Uncommon trap: reason=unstable_if action=reinterpret pc=0x0000000002ed22b0 method=com.android.dx.ssa.DeadCodeRemover.isCircularNoSideEffect(ILjava/util/BitSet;)Z @ 9
Event: 9.283 Thread 0x000000000210e000 Uncommon trap: reason=unstable_if action=reinterpret pc=0x0000000002e5afe4 method=com.android.dx.ssa.LiteralOpUpgrader$1.visitNonMoveInsn(Lcom/android/dx/ssa/NormalSsaInsn;)V @ 43
Event: 9.290 Thread 0x000000000210e000 Uncommon trap: reason=unstable_if action=reinterpret pc=0x0000000002e9f884 method=com.android.dx.rop.code.LocalVariableExtractor.processBlock(I)V @ 179

Internal exceptions (2 events):
Event: 0.255 Thread 0x000000000210e000 Exception <a 'java/lang/NoSuchMethodError': Method sun.misc.Unsafe.defineClass(Ljava/lang/String;[BII)Ljava/lang/Class; name or signature does not match> (0x00000000eab07cc0) thrown at [C:\re\workspace\8-2-build-windows-amd64-cygwin\jdk8u91\6644\hotspot\srðìä¨«ZÐ?
Event: 0.256 Thread 0x000000000210e000 Exception <a 'java/lang/NoSuchMethodError': Method sun.misc.Unsafe.prefetchRead(Ljava/lang/Object;J)V name or signature does not match> (0x00000000eab07fa8) thrown at [C:\re\workspace\8-2-build-windows-amd64-cygwin\jdk8u91\6644\hotspot\src\share\vm\prims\j

Events (10 events):
Event: 9.601 Thread 0x0000000016e9a000 DEOPT PACKING pc=0x0000000002b307d3 sp=0x000000001752ee60
Event: 9.601 Thread 0x0000000016e9a000 DEOPT UNPACKING pc=0x00000000027a747f sp=0x000000001752ec70 mode 0
Event: 9.612 Thread 0x0000000016e9a000 DEOPT PACKING pc=0x0000000002bec81a sp=0x000000001752eef0
Event: 9.612 Thread 0x0000000016e9a000 DEOPT UNPACKING pc=0x00000000027a747f sp=0x000000001752ec50 mode 0
Event: 9.667 Thread 0x0000000016ea2000 DEOPT PACKING pc=0x0000000002b307d3 sp=0x000000001786e460
Event: 9.667 Thread 0x0000000016ea2000 DEOPT UNPACKING pc=0x00000000027a747f sp=0x000000001786e270 mode 0
Event: 9.676 Thread 0x0000000016ea2000 DEOPT PACKING pc=0x0000000002bec81a sp=0x000000001786e4f0
Event: 9.676 Thread 0x0000000016ea2000 DEOPT UNPACKING pc=0x00000000027a747f sp=0x000000001786e250 mode 0
Event: 9.890 loading class com/android/dx/dex/file/MethodAnnotationStruct
Event: 9.890 loading class com/android/dx/dex/file/MethodAnnotationStruct done


Dynamic libraries:
0x000000013f100000 - 0x000000013f137000 	C:\Program Files\Java\jdk1.8.0_91\bin\java.exe
0x0000000077650000 - 0x00000000777f9000 	C:\Windows\SYSTEM32\ntdll.dll
0x0000000077530000 - 0x0000000077650000 	C:\Windows\system32\kernel32.dll
0x000007fefd530000 - 0x000007fefd59c000 	C:\Windows\system32\KERNELBASE.dll
0x000007fefe5a0000 - 0x000007fefe67b000 	C:\Windows\system32\ADVAPI32.dll
0x000007fefd9e0000 - 0x000007fefda7f000 	C:\Windows\system32\msvcrt.dll
0x000007feff830000 - 0x000007feff84f000 	C:\Windows\SYSTEM32\sechost.dll
0x000007fefe810000 - 0x000007fefe93d000 	C:\Windows\system32\RPCRT4.dll
0x0000000077430000 - 0x000000007752a000 	C:\Windows\system32\USER32.dll
0x000007fefd890000 - 0x000007fefd8f7000 	C:\Windows\system32\GDI32.dll
0x000007fefddc0000 - 0x000007fefddce000 	C:\Windows\system32\LPK.dll
0x000007feff890000 - 0x000007feff959000 	C:\Windows\system32\USP10.dll
0x000007fefba20000 - 0x000007fefbc14000 	C:\Windows\WinSxS\amd64_microsoft.windows.common-controls_6595b64144ccf1df_6.0.7601.18837_none_fa3b1e3d17594757\COMCTL32.dll
0x000007fefe040000 - 0x000007fefe0b1000 	C:\Windows\system32\SHLWAPI.dll
0x000007feff860000 - 0x000007feff88e000 	C:\Windows\system32\IMM32.DLL
0x000007fefdc60000 - 0x000007fefdd69000 	C:\Windows\system32\MSCTF.dll
0x0000000053450000 - 0x0000000053522000 	C:\Program Files\Java\jdk1.8.0_91\jre\bin\msvcr100.dll
0x0000000070260000 - 0x0000000070af3000 	C:\Program Files\Java\jdk1.8.0_91\jre\bin\server\jvm.dll
0x000007fefba10000 - 0x000007fefba19000 	C:\Windows\system32\WSOCK32.dll
0x000007fefdd70000 - 0x000007fefddbd000 	C:\Windows\system32\WS2_32.dll
0x000007feff850000 - 0x000007feff858000 	C:\Windows\system32\NSI.dll
0x000007fefa400000 - 0x000007fefa43b000 	C:\Windows\system32\WINMM.dll
0x000007fefc490000 - 0x000007fefc49c000 	C:\Windows\system32\VERSION.dll
0x0000000077810000 - 0x0000000077817000 	C:\Windows\system32\PSAPI.DLL
0x000000005c530000 - 0x000000005c53f000 	C:\Program Files\Java\jdk1.8.0_91\jre\bin\verify.dll
0x0000000055930000 - 0x0000000055959000 	C:\Program Files\Java\jdk1.8.0_91\jre\bin\java.dll
0x000000005b260000 - 0x000000005b276000 	C:\Program Files\Java\jdk1.8.0_91\jre\bin\zip.dll
0x000007fefeaa0000 - 0x000007feff829000 	C:\Windows\system32\SHELL32.dll
0x000007fefe0c0000 - 0x000007fefe2c3000 	C:\Windows\system32\ole32.dll
0x000007fefd400000 - 0x000007fefd40f000 	C:\Windows\system32\profapi.dll

VM Arguments:
jvm_args: -Djava.awt.headless=true -Xmx1024M -Dfile.encoding=windows-1252 -Duser.country=BR -Duser.language=pt -Duser.variant 
java_command: com.android.dx.command.Main --dex --force-jumbo --num-threads=4 --output C:\Users\Vitor\Documents\GitHub\nosso-chate-master\app\build\intermediates\pre-dexed\debug\main_33284659eb78da341e8013be719bb76f3b4cdfdd.jar C:\Users\Vitor\Documents\GitHub\nosso-chate-master\app\build\intermediates\transforms\instantRun\debug\folders\1\5\main
java_class_path (initial): C:\Users\Vitor\AppData\Local\Android\sdk\build-tools\23.0.2\lib\dx.jar
Launcher Type: SUN_STANDARD

Environment Variables:
PATH=C:\Program Files (x86)\NVIDIA Corporation\PhysX\Common;C:\ProgramData\Oracle\Java\javapath;C:\Windows\system32;C:\Windows;C:\Windows\System32\Wbem;C:\Windows\System32\WindowsPowerShell\v1.0\;C:\Program Files (x86)\GtkSharp\2.12\bin;C:\Program Files (x86)\Skype\Phone\;C:\Program Files (x86)\nodejs\;C:\Windows\system32\config\systemprofile\.dnx\bin;C:\Program Files\Microsoft DNX\Dnvm\;C:\Program Files\Microsoft SQL Server\130\Tools\Binn\;C:\Program Files (x86)\Windows Kits\10\Windows Performance Toolkit\;C:\Program Files\Git\cmd;C:\Users\Vitor\AppData\Roaming\npm
USERNAME=Vitor
OS=Windows_NT
PROCESSOR_IDENTIFIER=Intel64 Family 6 Model 37 Stepping 5, GenuineIntel



---------------  S Y S T E M  ---------------

OS: Windows 7 , 64 bit Build 7601 (6.1.7601.19018)

CPU:total 4 (2 cores per cpu, 2 threads per core) family 6 model 37 stepping 5, cmov, cx8, fxsr, mmx, sse, sse2, sse3, ssse3, sse4.1, sse4.2, popcnt, aes, clmul, ht, tsc, tscinvbit

Memory: 4k page, physical 8248440k(827680k free), swap 9170420k(6388k free)

vm_info: Java HotSpot(TM) 64-Bit Server VM (25.91-b14) for windows-amd64 JRE (1.8.0_91-b14), built on Apr  1 2016 00:58:32 by "java_re" with MS VC++ 10.0 (VS2010)

time: Wed Jun 01 17:02:30 2016
elapsed time: 10 seconds (0d 0h 0m 10s)

