#
# There is insufficient memory for the Java Runtime Environment to continue.
# Native memory allocation (malloc) failed to allocate 32744 bytes for ChunkPool::allocate
# Possible reasons:
#   The system is out of physical RAM or swap space
#   In 32 bit mode, the process size limit was hit
# Possible solutions:
#   Reduce memory load on the system
#   Increase physical memory or swap space
#   Check if swap backing store is full
#   Use 64 bit Java on a 64 bit OS
#   Decrease Java heap size (-Xmx/-Xms)
#   Decrease number of Java threads
#   Decrease Java thread stack sizes (-Xss)
#   Set larger code cache with -XX:ReservedCodeCacheSize=
# This output file may be truncated or incomplete.
#
#  Out of Memory Error (allocation.cpp:273), pid=8312, tid=6388
#
# JRE version: Java(TM) SE Runtime Environment (8.0_91-b14) (build 1.8.0_91-b14)
# Java VM: Java HotSpot(TM) 64-Bit Server VM (25.91-b14 mixed mode windows-amd64 compressed oops)
# Failed to write core dump. Minidumps are not enabled by default on client versions of Windows
#

---------------  T H R E A D  ---------------

Current thread (0x0000000015206800):  JavaThread "C2 CompilerThread0" daemon [_thread_in_vm, id=6388, stack(0x0000000016970000,0x0000000016a70000)]

Stack: [0x0000000016970000,0x0000000016a70000]
[error occurred during error reporting (printing stack bounds), id 0xc0000005]

Native frames: (J=compiled Java code, j=interpreted, Vv=VM code, C=native code)


---------------  P R O C E S S  ---------------

Java Threads: ( => current thread )
=>0x0000000015206800 JavaThread "C2 CompilerThread0" daemon [_thread_in_vm, id=6388, stack(0x0000000016970000,0x0000000016a70000)]
  0x0000000015204000 JavaThread "Attach Listener" daemon [_thread_blocked, id=7676, stack(0x0000000016780000,0x0000000016880000)]
  0x0000000015200800 JavaThread "Signal Dispatcher" daemon [_thread_new, id=5388, stack(0x0000000000000000,0x0000000000000000)]
  0x00000000151e9000 JavaThread "Finalizer" daemon [_thread_blocked, id=1340, stack(0x0000000016430000,0x0000000016530000)]
  0x00000000151a2000 JavaThread "Reference Handler" daemon [_thread_blocked, id=12072, stack(0x0000000016260000,0x0000000016360000)]
  0x0000000001c0e000 JavaThread "main" [_thread_in_vm, id=2948, stack(0x0000000002240000,0x0000000002340000)]

Other Threads:
  0x000000001519a000 VMThread [stack: 0x0000000016100000,0x0000000016200000] [id=5792]

VM state:not at safepoint (normal execution)

VM Mutex/Monitor currently owned by a thread: None

Heap:
 PSYoungGen      total 37888K, used 655K [0x00000000eab00000, 0x00000000ed500000, 0x0000000100000000)
  eden space 32768K, 2% used [0x00000000eab00000,0x00000000eaba3d80,0x00000000ecb00000)
  from space 5120K, 0% used [0x00000000ed000000,0x00000000ed000000,0x00000000ed500000)
  to   space 5120K, 0% used [0x00000000ecb00000,0x00000000ecb00000,0x00000000ed000000)
 ParOldGen       total 86016K, used 0K [0x00000000c0000000, 0x00000000c5400000, 0x00000000eab00000)
  object space 86016K, 0% used [0x00000000c0000000,0x00000000c0000000,0x00000000c5400000)
 Metaspace       used 2061K, capacity 4480K, committed 4480K, reserved 1056768K
  class space    used 228K, capacity 384K, committed 384K, reserved 1048576K

Card table byte_map: [0x0000000011b30000,0x0000000011d40000] byte_map_base: 0x0000000011530000

Marking Bits: (ParMarkBitMap*) 0x0000000070a72f70
 Begin Bits: [0x0000000012610000, 0x0000000013610000)
 End Bits:   [0x0000000013610000, 0x0000000014610000)

Polling page: 0x0000000000430000

CodeCache: size=245760Kb used=431Kb max_used=433Kb free=245328Kb
 bounds [0x0000000002770000, 0x00000000029e0000, 0x0000000011770000]
 total_blobs=160 nmethods=0 adapters=126
 compilation: enabled

Compilation events (0 events):
No events

GC Heap History (0 events):
No events

Deoptimization events (0 events):
No events

Internal exceptions (2 events):
Event: 1.524 Thread 0x0000000001c0e000 Exception <a 'java/lang/NoSuchMethodError': Method sun.misc.Unsafe.defineClass(Ljava/lang/String;[BII)Ljava/lang/Class; name or signature does not match> (0x00000000eab07cc0) thrown at [C:\re\workspace\8-2-build-windows-amd64-cygwin\jdk8u91\6644\hotspot\sr»õDîÖcø?
Event: 1.524 Thread 0x0000000001c0e000 Exception <a 'java/lang/NoSuchMethodError': Method sun.misc.Unsafe.prefetchRead(Ljava/lang/Object;J)V name or signature does not match> (0x00000000eab07fa8) thrown at [C:\re\workspace\8-2-build-windows-amd64-cygwin\jdk8u91\6644\hotspot\src\share\vm\prims\j

Events (10 events):
Event: 4.890 loading class sun/misc/URLClassPath done
Event: 4.890 loading class sun/net/www/protocol/jar/Handler
Event: 4.890 loading class sun/net/www/protocol/jar/Handler done
Event: 4.891 loading class sun/misc/Launcher$AppClassLoader$1
Event: 4.891 loading class sun/misc/Launcher$AppClassLoader$1 done
Event: 4.892 loading class java/lang/SystemClassLoaderAction
Event: 4.892 loading class java/lang/SystemClassLoaderAction done
Event: 4.893 Thread 0x0000000015200800 Thread added: 0x0000000015200800
Event: 4.893 Thread 0x0000000015204000 Thread added: 0x0000000015204000
Event: 4.893 Thread 0x0000000015206800 Thread added: 0x0000000015206800


Dynamic libraries:
0x000000013f100000 - 0x000000013f137000 	C:\Program Files\Java\jdk1.8.0_91\bin\java.exe
0x0000000077650000 - 0x00000000777f9000 	C:\Windows\SYSTEM32\ntdll.dll
0x0000000077530000 - 0x0000000077650000 	C:\Windows\system32\kernel32.dll
0x000007fefd530000 - 0x000007fefd59c000 	C:\Windows\system32\KERNELBASE.dll
0x000007fefe5a0000 - 0x000007fefe67b000 	C:\Windows\system32\ADVAPI32.dll
0x000007fefd9e0000 - 0x000007fefda7f000 	C:\Windows\system32\msvcrt.dll
0x000007feff830000 - 0x000007feff84f000 	C:\Windows\SYSTEM32\sechost.dll
0x000007fefe810000 - 0x000007fefe93d000 	C:\Windows\system32\RPCRT4.dll
0x0000000077430000 - 0x000000007752a000 	C:\Windows\system32\USER32.dll
0x000007fefd890000 - 0x000007fefd8f7000 	C:\Windows\system32\GDI32.dll
0x000007fefddc0000 - 0x000007fefddce000 	C:\Windows\system32\LPK.dll
0x000007feff890000 - 0x000007feff959000 	C:\Windows\system32\USP10.dll
0x000007fefba20000 - 0x000007fefbc14000 	C:\Windows\WinSxS\amd64_microsoft.windows.common-controls_6595b64144ccf1df_6.0.7601.18837_none_fa3b1e3d17594757\COMCTL32.dll
0x000007fefe040000 - 0x000007fefe0b1000 	C:\Windows\system32\SHLWAPI.dll
0x000007feff860000 - 0x000007feff88e000 	C:\Windows\system32\IMM32.DLL
0x000007fefdc60000 - 0x000007fefdd69000 	C:\Windows\system32\MSCTF.dll
0x0000000053450000 - 0x0000000053522000 	C:\Program Files\Java\jdk1.8.0_91\jre\bin\msvcr100.dll
0x0000000070260000 - 0x0000000070af3000 	C:\Program Files\Java\jdk1.8.0_91\jre\bin\server\jvm.dll
0x000007fefba10000 - 0x000007fefba19000 	C:\Windows\system32\WSOCK32.dll
0x000007fefdd70000 - 0x000007fefddbd000 	C:\Windows\system32\WS2_32.dll
0x000007feff850000 - 0x000007feff858000 	C:\Windows\system32\NSI.dll
0x000007fefa400000 - 0x000007fefa43b000 	C:\Windows\system32\WINMM.dll
0x000007fefc490000 - 0x000007fefc49c000 	C:\Windows\system32\VERSION.dll
0x0000000077810000 - 0x0000000077817000 	C:\Windows\system32\PSAPI.DLL
0x000000005c530000 - 0x000000005c53f000 	C:\Program Files\Java\jdk1.8.0_91\jre\bin\verify.dll
0x0000000055930000 - 0x0000000055959000 	C:\Program Files\Java\jdk1.8.0_91\jre\bin\java.dll
0x000000005b260000 - 0x000000005b276000 	C:\Program Files\Java\jdk1.8.0_91\jre\bin\zip.dll
0x000007fefeaa0000 - 0x000007feff829000 	C:\Windows\system32\SHELL32.dll
0x000007fefe0c0000 - 0x000007fefe2c3000 	C:\Windows\system32\ole32.dll
0x000007fefd400000 - 0x000007fefd40f000 	C:\Windows\system32\profapi.dll

VM Arguments:
jvm_args: -Djava.awt.headless=true -Xmx1024M -Dfile.encoding=windows-1252 -Duser.country=BR -Duser.language=pt -Duser.variant 
java_command: com.android.dx.command.Main --dex --force-jumbo --num-threads=4 --output C:\Users\Vitor\Documents\GitHub\nosso-chate-master\app\build\intermediates\pre-dexed\debug\internal_impl-23.4.0_4bd0d2b29ea3730cd34c065ef1f8f29d8c67190d.jar C:\Users\Vitor\Documents\GitHub\nosso-chate-master\app\build\intermediates\exploded-aar\com.android.support\support-v4\23.4.0\jars\libs\internal_impl-23.4.0.jar
java_class_path (initial): C:\Users\Vitor\AppData\Local\Android\sdk\build-tools\23.0.2\lib\dx.jar
Launcher Type: SUN_STANDARD

Environment Variables:
PATH=C:\Program Files (x86)\NVIDIA Corporation\PhysX\Common;C:\ProgramData\Oracle\Java\javapath;C:\Windows\system32;C:\Windows;C:\Windows\System32\Wbem;C:\Windows\System32\WindowsPowerShell\v1.0\;C:\Program Files (x86)\GtkSharp\2.12\bin;C:\Program Files (x86)\Skype\Phone\;C:\Program Files (x86)\nodejs\;C:\Windows\system32\config\systemprofile\.dnx\bin;C:\Program Files\Microsoft DNX\Dnvm\;C:\Program Files\Microsoft SQL Server\130\Tools\Binn\;C:\Program Files (x86)\Windows Kits\10\Windows Performance Toolkit\;C:\Program Files\Git\cmd;C:\Users\Vitor\AppData\Roaming\npm
USERNAME=Vitor
OS=Windows_NT
PROCESSOR_IDENTIFIER=Intel64 Family 6 Model 37 Stepping 5, GenuineIntel



---------------  S Y S T E M  ---------------

OS: Windows 7 , 64 bit Build 7601 (6.1.7601.19018)

CPU:total 4 (2 cores per cpu, 2 threads per core) family 6 model 37 stepping 5, cmov, cx8, fxsr, mmx, sse, sse2, sse3, ssse3, sse4.1, sse4.2, popcnt, aes, clmul, ht, tsc, tscinvbit

Memory: 4k page, physical 8248440k(846300k free), swap 9170420k(4792k free)

vm_info: Java HotSpot(TM) 64-Bit Server VM (25.91-b14) for windows-amd64 JRE (1.8.0_91-b14), built on Apr  1 2016 00:58:32 by "java_re" with MS VC++ 10.0 (VS2010)

time: Wed Jun 01 17:08:10 2016
elapsed time: 4 seconds (0d 0h 0m 4s)

