#
# There is insufficient memory for the Java Runtime Environment to continue.
# Native memory allocation (malloc) failed to allocate 161712 bytes for Chunk::new
# Possible reasons:
#   The system is out of physical RAM or swap space
#   In 32 bit mode, the process size limit was hit
# Possible solutions:
#   Reduce memory load on the system
#   Increase physical memory or swap space
#   Check if swap backing store is full
#   Use 64 bit Java on a 64 bit OS
#   Decrease Java heap size (-Xmx/-Xms)
#   Decrease number of Java threads
#   Decrease Java thread stack sizes (-Xss)
#   Set larger code cache with -XX:ReservedCodeCacheSize=
# This output file may be truncated or incomplete.
#
#  Out of Memory Error (allocation.cpp:390), pid=1460, tid=6912
#
# JRE version: Java(TM) SE Runtime Environment (8.0_91-b14) (build 1.8.0_91-b14)
# Java VM: Java HotSpot(TM) 64-Bit Server VM (25.91-b14 mixed mode windows-amd64 compressed oops)
# Failed to write core dump. Minidumps are not enabled by default on client versions of Windows
#

---------------  T H R E A D  ---------------

Current thread (0x00000000152db000):  JavaThread "C2 CompilerThread1" daemon [_thread_in_native, id=6912, stack(0x0000000016ab0000,0x0000000016bb0000)]

Stack: [0x0000000016ab0000,0x0000000016bb0000]
[error occurred during error reporting (printing stack bounds), id 0xc0000005]

Native frames: (J=compiled Java code, j=interpreted, Vv=VM code, C=native code)


Current CompileTask:
C2:   2124 1180       4       com.android.dx.dex.code.OutputFinisher::addConstants (93 bytes)


---------------  P R O C E S S  ---------------

Java Threads: ( => current thread )
  0x0000000016f38000 JavaThread "Service Thread" daemon [_thread_blocked, id=5108, stack(0x00000000172c0000,0x00000000173c0000)]
  0x00000000152dc800 JavaThread "C1 CompilerThread2" daemon [_thread_blocked, id=9132, stack(0x0000000016db0000,0x0000000016eb0000)]
=>0x00000000152db000 JavaThread "C2 CompilerThread1" daemon [_thread_in_native, id=6912, stack(0x0000000016ab0000,0x0000000016bb0000)]
  0x00000000152d6800 JavaThread "C2 CompilerThread0" daemon [_thread_blocked, id=3440, stack(0x0000000016bb0000,0x0000000016cb0000)]
  0x00000000152d2000 JavaThread "Attach Listener" daemon [_thread_blocked, id=9528, stack(0x0000000016930000,0x0000000016a30000)]
  0x00000000152d1000 JavaThread "Signal Dispatcher" daemon [_thread_blocked, id=3664, stack(0x0000000016310000,0x0000000016410000)]
  0x00000000152b9000 JavaThread "Finalizer" daemon [_thread_blocked, id=5020, stack(0x00000000167c0000,0x00000000168c0000)]
  0x0000000015272000 JavaThread "Reference Handler" daemon [_thread_blocked, id=9040, stack(0x00000000165c0000,0x00000000166c0000)]
  0x000000000234e000 JavaThread "main" [_thread_in_Java, id=7356, stack(0x0000000002620000,0x0000000002720000)]

Other Threads:
  0x000000001526a800 VMThread [stack: 0x0000000016480000,0x0000000016580000] [id=7548]
  0x0000000016f3f000 WatcherThread [stack: 0x0000000017530000,0x0000000017630000] [id=6000]

VM state:not at safepoint (normal execution)

VM Mutex/Monitor currently owned by a thread: None

Heap:
 PSYoungGen      total 37888K, used 31754K [0x00000000eab00000, 0x00000000ed500000, 0x0000000100000000)
  eden space 32768K, 96% used [0x00000000eab00000,0x00000000eca02a60,0x00000000ecb00000)
  from space 5120K, 0% used [0x00000000ed000000,0x00000000ed000000,0x00000000ed500000)
  to   space 5120K, 0% used [0x00000000ecb00000,0x00000000ecb00000,0x00000000ed000000)
 ParOldGen       total 86016K, used 0K [0x00000000c0000000, 0x00000000c5400000, 0x00000000eab00000)
  object space 86016K, 0% used [0x00000000c0000000,0x00000000c0000000,0x00000000c5400000)
 Metaspace       used 5931K, capacity 6904K, committed 7040K, reserved 1056768K
  class space    used 603K, capacity 624K, committed 640K, reserved 1048576K

Card table byte_map: [0x0000000011db0000,0x0000000011fc0000] byte_map_base: 0x00000000117b0000

Marking Bits: (ParMarkBitMap*) 0x0000000070a72f70
 Begin Bits: [0x00000000126e0000, 0x00000000136e0000)
 End Bits:   [0x00000000136e0000, 0x00000000146e0000)

Polling page: 0x0000000000230000

CodeCache: size=245760Kb used=4670Kb max_used=4682Kb free=241089Kb
 bounds [0x00000000029f0000, 0x0000000002e90000, 0x00000000119f0000]
 total_blobs=1443 nmethods=1175 adapters=182
 compilation: enabled

Compilation events (10 events):
Event: 2.006 Thread 0x00000000152d6800 1163       4       java.util.HashMap::hash (20 bytes)
Event: 2.007 Thread 0x00000000152d6800 nmethod 1163 0x0000000002e7bf90 code [0x0000000002e7c0e0, 0x0000000002e7c198]
Event: 2.007 Thread 0x00000000152d6800 1148       4       com.android.dx.rop.cst.Constant::compareTo (9 bytes)
Event: 2.009 Thread 0x00000000152d6800 nmethod 1148 0x0000000002e7a4d0 code [0x0000000002e7a640, 0x0000000002e7a838]
Event: 2.009 Thread 0x00000000152d6800 1174       4       com.android.dx.rop.cst.CstString::hashCode (8 bytes)
Event: 2.011 Thread 0x00000000152d6800 nmethod 1174 0x0000000002e7d310 code [0x0000000002e7d440, 0x0000000002e7d598]
Event: 2.011 Thread 0x00000000152d6800 1155       4       java.util.AbstractMap::<init> (5 bytes)
Event: 2.012 Thread 0x00000000152d6800 nmethod 1155 0x0000000002e4be50 code [0x0000000002e4bf80, 0x0000000002e4bfd8]
Event: 2.012 Thread 0x00000000152d6800 1147       4       com.android.dx.rop.cst.CstMemberRef::compareTo0 (49 bytes)
Event: 2.014 Thread 0x00000000152d6800 nmethod 1147 0x0000000002e7ca90 code [0x0000000002e7cbe0, 0x0000000002e7cef8]

GC Heap History (0 events):
No events

Deoptimization events (10 events):
Event: 1.896 Thread 0x000000000234e000 Uncommon trap: reason=class_check action=maybe_recompile pc=0x0000000002e503f8 method=java.util.Arrays.hashCode([Ljava/lang/Object;)I @ 43
Event: 1.896 Thread 0x000000000234e000 Uncommon trap: reason=class_check action=maybe_recompile pc=0x0000000002e503f8 method=java.util.Arrays.hashCode([Ljava/lang/Object;)I @ 43
Event: 1.917 Thread 0x000000000234e000 Uncommon trap: reason=class_check action=maybe_recompile pc=0x0000000002e503f8 method=java.util.Arrays.hashCode([Ljava/lang/Object;)I @ 43
Event: 1.917 Thread 0x000000000234e000 Uncommon trap: reason=class_check action=maybe_recompile pc=0x0000000002e503f8 method=java.util.Arrays.hashCode([Ljava/lang/Object;)I @ 43
Event: 1.922 Thread 0x000000000234e000 Uncommon trap: reason=class_check action=maybe_recompile pc=0x0000000002e4b648 method=java.util.HashMap.putVal(ILjava/lang/Object;Ljava/lang/Object;ZZ)Ljava/lang/Object; @ 203
Event: 1.922 Thread 0x000000000234e000 Uncommon trap: reason=class_check action=maybe_recompile pc=0x0000000002e4b648 method=java.util.HashMap.putVal(ILjava/lang/Object;Ljava/lang/Object;ZZ)Ljava/lang/Object; @ 203
Event: 1.922 Thread 0x000000000234e000 Uncommon trap: reason=class_check action=maybe_recompile pc=0x0000000002e4b648 method=java.util.HashMap.putVal(ILjava/lang/Object;Ljava/lang/Object;ZZ)Ljava/lang/Object; @ 203
Event: 1.922 Thread 0x000000000234e000 Uncommon trap: reason=class_check action=maybe_recompile pc=0x0000000002e4b648 method=java.util.HashMap.putVal(ILjava/lang/Object;Ljava/lang/Object;ZZ)Ljava/lang/Object; @ 203
Event: 1.922 Thread 0x000000000234e000 Uncommon trap: reason=class_check action=maybe_recompile pc=0x0000000002e44fd0 method=java.util.HashMap.putVal(ILjava/lang/Object;Ljava/lang/Object;ZZ)Ljava/lang/Object; @ 203
Event: 1.943 Thread 0x000000000234e000 Uncommon trap: reason=bimorphic action=maybe_recompile pc=0x0000000002e77924 method=java.util.HashMap.putVal(ILjava/lang/Object;Ljava/lang/Object;ZZ)Ljava/lang/Object; @ 203

Internal exceptions (2 events):
Event: 0.066 Thread 0x000000000234e000 Exception <a 'java/lang/NoSuchMethodError': Method sun.misc.Unsafe.defineClass(Ljava/lang/String;[BII)Ljava/lang/Class; name or signature does not match> (0x00000000eab07cc0) thrown at [C:\re\workspace\8-2-build-windows-amd64-cygwin\jdk8u91\6644\hotspot\sr^qS Ê‘∞?
Event: 0.066 Thread 0x000000000234e000 Exception <a 'java/lang/NoSuchMethodError': Method sun.misc.Unsafe.prefetchRead(Ljava/lang/Object;J)V name or signature does not match> (0x00000000eab07fa8) thrown at [C:\re\workspace\8-2-build-windows-amd64-cygwin\jdk8u91\6644\hotspot\src\share\vm\prims\j

Events (10 events):
Event: 1.922 Thread 0x000000000234e000 DEOPT PACKING pc=0x0000000002e4b648 sp=0x000000000271f1a0
Event: 1.922 Thread 0x000000000234e000 DEOPT UNPACKING pc=0x0000000002a3582a sp=0x000000000271f0b0 mode 2
Event: 1.922 Thread 0x000000000234e000 Uncommon trap: trap_request=0xffffffde fr.pc=0x0000000002e44fd0
Event: 1.922 Thread 0x000000000234e000 DEOPT PACKING pc=0x0000000002e44fd0 sp=0x000000000271f0f0
Event: 1.922 Thread 0x000000000234e000 DEOPT UNPACKING pc=0x0000000002a3582a sp=0x000000000271f0a8 mode 2
Event: 1.922 loading class com/android/dx/dex/file/CatchStructs
Event: 1.922 loading class com/android/dx/dex/file/CatchStructs done
Event: 1.943 Thread 0x000000000234e000 Uncommon trap: trap_request=0xffffffc6 fr.pc=0x0000000002e77924
Event: 1.943 Thread 0x000000000234e000 DEOPT PACKING pc=0x0000000002e77924 sp=0x000000000271f1b0
Event: 1.943 Thread 0x000000000234e000 DEOPT UNPACKING pc=0x0000000002a3582a sp=0x000000000271f168 mode 2


Dynamic libraries:
0x000000013f100000 - 0x000000013f137000 	C:\Program Files\Java\jdk1.8.0_91\bin\java.exe
0x0000000077650000 - 0x00000000777f9000 	C:\Windows\SYSTEM32\ntdll.dll
0x0000000077530000 - 0x0000000077650000 	C:\Windows\system32\kernel32.dll
0x000007fefd530000 - 0x000007fefd59c000 	C:\Windows\system32\KERNELBASE.dll
0x000007fefe5a0000 - 0x000007fefe67b000 	C:\Windows\system32\ADVAPI32.dll
0x000007fefd9e0000 - 0x000007fefda7f000 	C:\Windows\system32\msvcrt.dll
0x000007feff830000 - 0x000007feff84f000 	C:\Windows\SYSTEM32\sechost.dll
0x000007fefe810000 - 0x000007fefe93d000 	C:\Windows\system32\RPCRT4.dll
0x0000000077430000 - 0x000000007752a000 	C:\Windows\system32\USER32.dll
0x000007fefd890000 - 0x000007fefd8f7000 	C:\Windows\system32\GDI32.dll
0x000007fefddc0000 - 0x000007fefddce000 	C:\Windows\system32\LPK.dll
0x000007feff890000 - 0x000007feff959000 	C:\Windows\system32\USP10.dll
0x000007fefba20000 - 0x000007fefbc14000 	C:\Windows\WinSxS\amd64_microsoft.windows.common-controls_6595b64144ccf1df_6.0.7601.18837_none_fa3b1e3d17594757\COMCTL32.dll
0x000007fefe040000 - 0x000007fefe0b1000 	C:\Windows\system32\SHLWAPI.dll
0x000007feff860000 - 0x000007feff88e000 	C:\Windows\system32\IMM32.DLL
0x000007fefdc60000 - 0x000007fefdd69000 	C:\Windows\system32\MSCTF.dll
0x0000000053450000 - 0x0000000053522000 	C:\Program Files\Java\jdk1.8.0_91\jre\bin\msvcr100.dll
0x0000000070260000 - 0x0000000070af3000 	C:\Program Files\Java\jdk1.8.0_91\jre\bin\server\jvm.dll
0x000007fefba10000 - 0x000007fefba19000 	C:\Windows\system32\WSOCK32.dll
0x000007fefdd70000 - 0x000007fefddbd000 	C:\Windows\system32\WS2_32.dll
0x000007feff850000 - 0x000007feff858000 	C:\Windows\system32\NSI.dll
0x000007fefa400000 - 0x000007fefa43b000 	C:\Windows\system32\WINMM.dll
0x000007fefc490000 - 0x000007fefc49c000 	C:\Windows\system32\VERSION.dll
0x0000000077810000 - 0x0000000077817000 	C:\Windows\system32\PSAPI.DLL
0x000000005c530000 - 0x000000005c53f000 	C:\Program Files\Java\jdk1.8.0_91\jre\bin\verify.dll
0x0000000055930000 - 0x0000000055959000 	C:\Program Files\Java\jdk1.8.0_91\jre\bin\java.dll
0x000000005b260000 - 0x000000005b276000 	C:\Program Files\Java\jdk1.8.0_91\jre\bin\zip.dll
0x000007fefeaa0000 - 0x000007feff829000 	C:\Windows\system32\SHELL32.dll
0x000007fefe0c0000 - 0x000007fefe2c3000 	C:\Windows\system32\ole32.dll
0x000007fefd400000 - 0x000007fefd40f000 	C:\Windows\system32\profapi.dll

VM Arguments:
jvm_args: -Djava.awt.headless=true -Xmx1024M -Dfile.encoding=windows-1252 -Duser.country=BR -Duser.language=pt -Duser.variant 
java_command: com.android.dx.command.Main --dex --force-jumbo --num-threads=4 --output C:\Users\Vitor\Documents\GitHub\nosso-chate-master\app\build\intermediates\pre-dexed\debug\firebase-client-android-2.5.2_f1d42b30c44e269132b10e6c37d1eefc677e7679.jar C:\Users\Vitor\.gradle\caches\modules-2\files-2.1\com.firebase\firebase-client-android\2.5.2\f19f10d6276aa0b380e2d05d2ab3272d693a5433\firebase-client-android-2.5.2.jar
java_class_path (initial): C:\Users\Vitor\AppData\Local\Android\sdk\build-tools\23.0.2\lib\dx.jar
Launcher Type: SUN_STANDARD

Environment Variables:
PATH=C:\Program Files (x86)\NVIDIA Corporation\PhysX\Common;C:\ProgramData\Oracle\Java\javapath;C:\Windows\system32;C:\Windows;C:\Windows\System32\Wbem;C:\Windows\System32\WindowsPowerShell\v1.0\;C:\Program Files (x86)\GtkSharp\2.12\bin;C:\Program Files (x86)\Skype\Phone\;C:\Program Files (x86)\nodejs\;C:\Windows\system32\config\systemprofile\.dnx\bin;C:\Program Files\Microsoft DNX\Dnvm\;C:\Program Files\Microsoft SQL Server\130\Tools\Binn\;C:\Program Files (x86)\Windows Kits\10\Windows Performance Toolkit\;C:\Program Files\Git\cmd;C:\Users\Vitor\AppData\Roaming\npm
USERNAME=Vitor
OS=Windows_NT
PROCESSOR_IDENTIFIER=Intel64 Family 6 Model 37 Stepping 5, GenuineIntel



---------------  S Y S T E M  ---------------

OS: Windows 7 , 64 bit Build 7601 (6.1.7601.19018)

CPU:total 4 (2 cores per cpu, 2 threads per core) family 6 model 37 stepping 5, cmov, cx8, fxsr, mmx, sse, sse2, sse3, ssse3, sse4.1, sse4.2, popcnt, aes, clmul, ht, tsc, tscinvbit

Memory: 4k page, physical 8248440k(849220k free), swap 9170420k(5204k free)

vm_info: Java HotSpot(TM) 64-Bit Server VM (25.91-b14) for windows-amd64 JRE (1.8.0_91-b14), built on Apr  1 2016 00:58:32 by "java_re" with MS VC++ 10.0 (VS2010)

time: Wed Jun 01 17:07:52 2016
elapsed time: 2 seconds (0d 0h 0m 2s)

