#
# There is insufficient memory for the Java Runtime Environment to continue.
# Native memory allocation (malloc) failed to allocate 1785856 bytes for Chunk::new
# Possible reasons:
#   The system is out of physical RAM or swap space
#   In 32 bit mode, the process size limit was hit
# Possible solutions:
#   Reduce memory load on the system
#   Increase physical memory or swap space
#   Check if swap backing store is full
#   Use 64 bit Java on a 64 bit OS
#   Decrease Java heap size (-Xmx/-Xms)
#   Decrease number of Java threads
#   Decrease Java thread stack sizes (-Xss)
#   Set larger code cache with -XX:ReservedCodeCacheSize=
# This output file may be truncated or incomplete.
#
#  Out of Memory Error (allocation.cpp:390), pid=12180, tid=5392
#
# JRE version: Java(TM) SE Runtime Environment (8.0_91-b14) (build 1.8.0_91-b14)
# Java VM: Java HotSpot(TM) 64-Bit Server VM (25.91-b14 mixed mode windows-amd64 compressed oops)
# Failed to write core dump. Minidumps are not enabled by default on client versions of Windows
#

---------------  T H R E A D  ---------------

Current thread (0x0000000016a03000):  JavaThread "C2 CompilerThread1" daemon [_thread_in_native, id=5392, stack(0x0000000016080000,0x0000000016180000)]

Stack: [0x0000000016080000,0x0000000016180000]
[error occurred during error reporting (printing stack bounds), id 0xc0000005]

Native frames: (J=compiled Java code, j=interpreted, Vv=VM code, C=native code)


Current CompileTask:
C2:   7302 1357   !   4       com.android.dx.cf.code.BytecodeArray::parseInstruction (2764 bytes)


---------------  P R O C E S S  ---------------

Java Threads: ( => current thread )
  0x000000001728a800 JavaThread "pool-1-thread-4" [_thread_blocked, id=6064, stack(0x0000000017bb0000,0x0000000017cb0000)]
  0x0000000017275800 JavaThread "pool-1-thread-3" [_thread_blocked, id=11556, stack(0x00000000180a0000,0x00000000181a0000)]
  0x0000000017272800 JavaThread "pool-1-thread-2" [_thread_blocked, id=9768, stack(0x0000000017e40000,0x0000000017f40000)]
  0x0000000016cf5800 JavaThread "pool-2-thread-1" [_thread_blocked, id=4192, stack(0x0000000017cb0000,0x0000000017db0000)]
  0x0000000016ce2800 JavaThread "pool-1-thread-1" [_thread_blocked, id=11664, stack(0x0000000017aa0000,0x0000000017ba0000)]
  0x0000000016a05800 JavaThread "Service Thread" daemon [_thread_blocked, id=8932, stack(0x0000000016fd0000,0x00000000170d0000)]
  0x0000000016a04800 JavaThread "C1 CompilerThread2" daemon [_thread_blocked, id=2928, stack(0x0000000016e00000,0x0000000016f00000)]
=>0x0000000016a03000 JavaThread "C2 CompilerThread1" daemon [_thread_in_native, id=5392, stack(0x0000000016080000,0x0000000016180000)]
  0x0000000015076800 JavaThread "C2 CompilerThread0" daemon [_thread_blocked, id=5408, stack(0x00000000168b0000,0x00000000169b0000)]
  0x0000000015074000 JavaThread "Attach Listener" daemon [_thread_blocked, id=8564, stack(0x0000000016770000,0x0000000016870000)]
  0x0000000015070800 JavaThread "Signal Dispatcher" daemon [_thread_blocked, id=5904, stack(0x00000000164c0000,0x00000000165c0000)]
  0x0000000015053800 JavaThread "Finalizer" daemon [_thread_blocked, id=11720, stack(0x00000000165e0000,0x00000000166e0000)]
  0x0000000015012000 JavaThread "Reference Handler" daemon [_thread_blocked, id=128, stack(0x0000000016370000,0x0000000016470000)]
  0x00000000022ce000 JavaThread "main" [_thread_blocked, id=11060, stack(0x00000000022f0000,0x00000000023f0000)]

Other Threads:
  0x000000001500a000 VMThread [stack: 0x00000000161c0000,0x00000000162c0000] [id=7416]
  0x0000000016a12000 WatcherThread [stack: 0x0000000017170000,0x0000000017270000] [id=11884]

VM state:not at safepoint (normal execution)

VM Mutex/Monitor currently owned by a thread: None

Heap:
 PSYoungGen      total 37888K, used 17364K [0x00000000eab00000, 0x00000000ed500000, 0x0000000100000000)
  eden space 32768K, 37% used [0x00000000eab00000,0x00000000eb6fc1e8,0x00000000ecb00000)
  from space 5120K, 99% used [0x00000000ecb00000,0x00000000ecff8eb8,0x00000000ed000000)
  to   space 5120K, 0% used [0x00000000ed000000,0x00000000ed000000,0x00000000ed500000)
 ParOldGen       total 86016K, used 623K [0x00000000c0000000, 0x00000000c5400000, 0x00000000eab00000)
  object space 86016K, 0% used [0x00000000c0000000,0x00000000c009bcb8,0x00000000c5400000)
 Metaspace       used 6041K, capacity 6962K, committed 7040K, reserved 1056768K
  class space    used 597K, capacity 618K, committed 640K, reserved 1048576K

Card table byte_map: [0x0000000011b60000,0x0000000011d70000] byte_map_base: 0x0000000011560000

Marking Bits: (ParMarkBitMap*) 0x0000000070a72f70
 Begin Bits: [0x0000000012480000, 0x0000000013480000)
 End Bits:   [0x0000000013480000, 0x0000000014480000)

Polling page: 0x0000000000340000

CodeCache: size=245760Kb used=5557Kb max_used=5564Kb free=240202Kb
 bounds [0x00000000027a0000, 0x0000000002d20000, 0x00000000117a0000]
 total_blobs=1617 nmethods=1349 adapters=182
 compilation: enabled

Compilation events (10 events):
Event: 6.667 Thread 0x0000000016a04800 nmethod 1352 0x0000000002d08ad0 code [0x0000000002d08c40, 0x0000000002d08e88]
Event: 6.730 Thread 0x0000000016a04800 1353       3       com.android.dx.ssa.SsaConverter::convertToSsaMethod (41 bytes)
Event: 6.731 Thread 0x0000000016a03000 1357   !   4       com.android.dx.cf.code.BytecodeArray::parseInstruction (2764 bytes)
Event: 6.731 Thread 0x0000000016a04800 nmethod 1353 0x0000000002d07710 code [0x0000000002d07960, 0x0000000002d084c8]
Event: 6.731 Thread 0x0000000016a04800 1356       3       com.android.dx.ssa.BasicRegisterMapper::<init> (17 bytes)
Event: 6.731 Thread 0x0000000016a04800 nmethod 1356 0x0000000002d07190 code [0x0000000002d07300, 0x0000000002d075c8]
Event: 6.731 Thread 0x0000000016a04800 1354       3       com.android.dx.ssa.SsaMethod::newFromRopMethod (18 bytes)
Event: 6.732 Thread 0x0000000016a04800 nmethod 1354 0x0000000002d06d10 code [0x0000000002d06e80, 0x0000000002d07098]
Event: 6.732 Thread 0x0000000016a04800 1355       3       com.android.dx.ssa.SsaMethod::<init> (50 bytes)
Event: 6.732 Thread 0x0000000016a04800 nmethod 1355 0x0000000002d061d0 code [0x0000000002d06380, 0x0000000002d06a58]

GC Heap History (2 events):
Event: 4.001 GC heap before
{Heap before GC invocations=1 (full 0):
 PSYoungGen      total 37888K, used 32768K [0x00000000eab00000, 0x00000000ed500000, 0x0000000100000000)
  eden space 32768K, 100% used [0x00000000eab00000,0x00000000ecb00000,0x00000000ecb00000)
  from space 5120K, 0% used [0x00000000ed000000,0x00000000ed000000,0x00000000ed500000)
  to   space 5120K, 0% used [0x00000000ecb00000,0x00000000ecb00000,0x00000000ed000000)
 ParOldGen       total 86016K, used 0K [0x00000000c0000000, 0x00000000c5400000, 0x00000000eab00000)
  object space 86016K, 0% used [0x00000000c0000000,0x00000000c0000000,0x00000000c5400000)
 Metaspace       used 5853K, capacity 6770K, committed 7040K, reserved 1056768K
  class space    used 597K, capacity 618K, committed 640K, reserved 1048576K
Event: 4.594 GC heap after
Heap after GC invocations=1 (full 0):
 PSYoungGen      total 37888K, used 5091K [0x00000000eab00000, 0x00000000ed500000, 0x0000000100000000)
  eden space 32768K, 0% used [0x00000000eab00000,0x00000000eab00000,0x00000000ecb00000)
  from space 5120K, 99% used [0x00000000ecb00000,0x00000000ecff8eb8,0x00000000ed000000)
  to   space 5120K, 0% used [0x00000000ed000000,0x00000000ed000000,0x00000000ed500000)
 ParOldGen       total 86016K, used 623K [0x00000000c0000000, 0x00000000c5400000, 0x00000000eab00000)
  object space 86016K, 0% used [0x00000000c0000000,0x00000000c009bcb8,0x00000000c5400000)
 Metaspace       used 5853K, capacity 6770K, committed 7040K, reserved 1056768K
  class space    used 597K, capacity 618K, committed 640K, reserved 1048576K
}

Deoptimization events (10 events):
Event: 2.404 Thread 0x000000001728a800 Uncommon trap: reason=unstable_if action=reinterpret pc=0x00000000029d86a0 method=java.util.BitSet.nextSetBit(I)I @ 87
Event: 2.408 Thread 0x000000001728a800 Uncommon trap: reason=unstable_if action=reinterpret pc=0x00000000029a13cc method=java.util.HashMap.getNode(ILjava/lang/Object;)Ljava/util/HashMap$Node; @ 129
Event: 2.492 Thread 0x00000000022ce000 Uncommon trap: reason=class_check action=maybe_recompile pc=0x0000000002a29c00 method=com.android.dx.ssa.NormalSsaInsn.accept(Lcom/android/dx/ssa/SsaInsn$Visitor;)V @ 9
Event: 2.492 Thread 0x00000000022ce000 Uncommon trap: reason=class_check action=maybe_recompile pc=0x0000000002a29c00 method=com.android.dx.ssa.NormalSsaInsn.accept(Lcom/android/dx/ssa/SsaInsn$Visitor;)V @ 9
Event: 2.492 Thread 0x00000000022ce000 Uncommon trap: reason=class_check action=maybe_recompile pc=0x0000000002a29c00 method=com.android.dx.ssa.NormalSsaInsn.accept(Lcom/android/dx/ssa/SsaInsn$Visitor;)V @ 9
Event: 2.492 Thread 0x00000000022ce000 Uncommon trap: reason=class_check action=maybe_recompile pc=0x0000000002a29c00 method=com.android.dx.ssa.NormalSsaInsn.accept(Lcom/android/dx/ssa/SsaInsn$Visitor;)V @ 9
Event: 2.492 Thread 0x00000000022ce000 Uncommon trap: reason=class_check action=maybe_recompile pc=0x0000000002a00a20 method=com.android.dx.ssa.NormalSsaInsn.accept(Lcom/android/dx/ssa/SsaInsn$Visitor;)V @ 9
Event: 3.032 Thread 0x0000000017275800 Uncommon trap: reason=unstable_if action=reinterpret pc=0x00000000029f29d4 method=java.util.HashMap.getNode(ILjava/lang/Object;)Ljava/util/HashMap$Node; @ 129
Event: 3.357 Thread 0x000000001728a800 Uncommon trap: reason=null_check action=make_not_entrant pc=0x0000000002ab7120 method=com.android.dx.ssa.SsaRenamer.getLocalForNewReg(I)Lcom/android/dx/rop/code/LocalItem; @ 19
Event: 3.357 Thread 0x000000001728a800 Uncommon trap: reason=null_check action=make_not_entrant pc=0x0000000002a9f6ac method=com.android.dx.ssa.SsaRenamer.getLocalForNewReg(I)Lcom/android/dx/rop/code/LocalItem; @ 19

Internal exceptions (4 events):
Event: 0.358 Thread 0x00000000022ce000 Exception <a 'java/lang/NoSuchMethodError': Method sun.misc.Unsafe.defineClass(Ljava/lang/String;[BII)Ljava/lang/Class; name or signature does not match> (0x00000000eab07cc0) thrown at [C:\re\workspace\8-2-build-windows-amd64-cygwin\jdk8u91\6644\hotspot\srËý]Ê-íÖ?
Event: 0.358 Thread 0x00000000022ce000 Exception <a 'java/lang/NoSuchMethodError': Method sun.misc.Unsafe.prefetchRead(Ljava/lang/Object;J)V name or signature does not match> (0x00000000eab07fa8) thrown at [C:\re\workspace\8-2-build-windows-amd64-cygwin\jdk8u91\6644\hotspot\src\share\vm\prims\j›‹Úÿ%Ú
@
Event: 3.357 Thread 0x000000001728a800 Implicit null exception at 0x0000000002ab595f to 0x0000000002ab70d5
Event: 3.357 Thread 0x000000001728a800 Implicit null exception at 0x0000000002a9e118 to 0x0000000002a9f689

Events (10 events):
Event: 3.357 Thread 0x000000001728a800 DEOPT UNPACKING pc=0x00000000027e582a sp=0x0000000017cae4f8 mode 2
Event: 3.357 Thread 0x000000001728a800 Uncommon trap: trap_request=0xfffffff4 fr.pc=0x0000000002a9f6ac
Event: 3.357 Thread 0x000000001728a800 DEOPT PACKING pc=0x0000000002a9f6ac sp=0x0000000017cae620
Event: 3.357 Thread 0x000000001728a800 DEOPT UNPACKING pc=0x00000000027e582a sp=0x0000000017cae4e8 mode 2
Event: 3.436 Executing VM operation: ParallelGCFailedAllocation
Event: 4.594 Executing VM operation: ParallelGCFailedAllocation done
Event: 4.979 Executing VM operation: EnableBiasedLocking
Event: 4.979 Executing VM operation: EnableBiasedLocking done
Event: 5.037 Thread 0x000000001728a800 DEOPT PACKING pc=0x0000000002ac5257 sp=0x0000000017cae6c0
Event: 5.037 Thread 0x000000001728a800 DEOPT UNPACKING pc=0x00000000027e747f sp=0x0000000017cae488 mode 0


Dynamic libraries:
0x000000013f100000 - 0x000000013f137000 	C:\Program Files\Java\jdk1.8.0_91\bin\java.exe
0x0000000077650000 - 0x00000000777f9000 	C:\Windows\SYSTEM32\ntdll.dll
0x0000000077530000 - 0x0000000077650000 	C:\Windows\system32\kernel32.dll
0x000007fefd530000 - 0x000007fefd59c000 	C:\Windows\system32\KERNELBASE.dll
0x000007fefe5a0000 - 0x000007fefe67b000 	C:\Windows\system32\ADVAPI32.dll
0x000007fefd9e0000 - 0x000007fefda7f000 	C:\Windows\system32\msvcrt.dll
0x000007feff830000 - 0x000007feff84f000 	C:\Windows\SYSTEM32\sechost.dll
0x000007fefe810000 - 0x000007fefe93d000 	C:\Windows\system32\RPCRT4.dll
0x0000000077430000 - 0x000000007752a000 	C:\Windows\system32\USER32.dll
0x000007fefd890000 - 0x000007fefd8f7000 	C:\Windows\system32\GDI32.dll
0x000007fefddc0000 - 0x000007fefddce000 	C:\Windows\system32\LPK.dll
0x000007feff890000 - 0x000007feff959000 	C:\Windows\system32\USP10.dll
0x000007fefba20000 - 0x000007fefbc14000 	C:\Windows\WinSxS\amd64_microsoft.windows.common-controls_6595b64144ccf1df_6.0.7601.18837_none_fa3b1e3d17594757\COMCTL32.dll
0x000007fefe040000 - 0x000007fefe0b1000 	C:\Windows\system32\SHLWAPI.dll
0x000007feff860000 - 0x000007feff88e000 	C:\Windows\system32\IMM32.DLL
0x000007fefdc60000 - 0x000007fefdd69000 	C:\Windows\system32\MSCTF.dll
0x0000000053450000 - 0x0000000053522000 	C:\Program Files\Java\jdk1.8.0_91\jre\bin\msvcr100.dll
0x0000000070260000 - 0x0000000070af3000 	C:\Program Files\Java\jdk1.8.0_91\jre\bin\server\jvm.dll
0x000007fefba10000 - 0x000007fefba19000 	C:\Windows\system32\WSOCK32.dll
0x000007fefdd70000 - 0x000007fefddbd000 	C:\Windows\system32\WS2_32.dll
0x000007feff850000 - 0x000007feff858000 	C:\Windows\system32\NSI.dll
0x000007fefa400000 - 0x000007fefa43b000 	C:\Windows\system32\WINMM.dll
0x000007fefc490000 - 0x000007fefc49c000 	C:\Windows\system32\VERSION.dll
0x0000000077810000 - 0x0000000077817000 	C:\Windows\system32\PSAPI.DLL
0x000000005c530000 - 0x000000005c53f000 	C:\Program Files\Java\jdk1.8.0_91\jre\bin\verify.dll
0x0000000055930000 - 0x0000000055959000 	C:\Program Files\Java\jdk1.8.0_91\jre\bin\java.dll
0x000000005b260000 - 0x000000005b276000 	C:\Program Files\Java\jdk1.8.0_91\jre\bin\zip.dll
0x000007fefeaa0000 - 0x000007feff829000 	C:\Windows\system32\SHELL32.dll
0x000007fefe0c0000 - 0x000007fefe2c3000 	C:\Windows\system32\ole32.dll
0x000007fefd400000 - 0x000007fefd40f000 	C:\Windows\system32\profapi.dll

VM Arguments:
jvm_args: -Djava.awt.headless=true -Xmx1024M -Dfile.encoding=windows-1252 -Duser.country=BR -Duser.language=pt -Duser.variant 
java_command: com.android.dx.command.Main --dex --force-jumbo --num-threads=4 --output C:\Users\Vitor\Documents\GitHub\nosso-chate-master\app\build\intermediates\pre-dexed\debug\internal_impl-23.4.0_4bd0d2b29ea3730cd34c065ef1f8f29d8c67190d.jar C:\Users\Vitor\Documents\GitHub\nosso-chate-master\app\build\intermediates\exploded-aar\com.android.support\support-v4\23.4.0\jars\libs\internal_impl-23.4.0.jar
java_class_path (initial): C:\Users\Vitor\AppData\Local\Android\sdk\build-tools\23.0.2\lib\dx.jar
Launcher Type: SUN_STANDARD

Environment Variables:
PATH=C:\Program Files (x86)\NVIDIA Corporation\PhysX\Common;C:\ProgramData\Oracle\Java\javapath;C:\Windows\system32;C:\Windows;C:\Windows\System32\Wbem;C:\Windows\System32\WindowsPowerShell\v1.0\;C:\Program Files (x86)\GtkSharp\2.12\bin;C:\Program Files (x86)\Skype\Phone\;C:\Program Files (x86)\nodejs\;C:\Windows\system32\config\systemprofile\.dnx\bin;C:\Program Files\Microsoft DNX\Dnvm\;C:\Program Files\Microsoft SQL Server\130\Tools\Binn\;C:\Program Files (x86)\Windows Kits\10\Windows Performance Toolkit\;C:\Program Files\Git\cmd;C:\Users\Vitor\AppData\Roaming\npm
USERNAME=Vitor
OS=Windows_NT
PROCESSOR_IDENTIFIER=Intel64 Family 6 Model 37 Stepping 5, GenuineIntel



---------------  S Y S T E M  ---------------

OS: Windows 7 , 64 bit Build 7601 (6.1.7601.19018)

CPU:total 4 (2 cores per cpu, 2 threads per core) family 6 model 37 stepping 5, cmov, cx8, fxsr, mmx, sse, sse2, sse3, ssse3, sse4.1, sse4.2, popcnt, aes, clmul, ht, tsc, tscinvbit

Memory: 4k page, physical 8248440k(828116k free), swap 9170420k(6404k free)

vm_info: Java HotSpot(TM) 64-Bit Server VM (25.91-b14) for windows-amd64 JRE (1.8.0_91-b14), built on Apr  1 2016 00:58:32 by "java_re" with MS VC++ 10.0 (VS2010)

time: Wed Jun 01 17:02:30 2016
elapsed time: 7 seconds (0d 0h 0m 7s)

